<?xml version="1.0" encoding="UTF-8" ?>
<testsuite errors="0" failures="0" hostname="bleujin-SV" name="net.ion.framework.TestAllFramework" tests="124" time="9.027" timestamp="2012-05-22T05:39:46">
  <properties>
[...]
</properties>
  <testcase classname="net.ion.framework.parse.gson.TestAdvanceJson" name="testObject" time="0.128" />
  <testcase classname="net.ion.framework.parse.gson.TestAdvanceJson" name="testCompli" time="0.014" />
  <testcase classname="net.ion.framework.parse.gson.TestAdvanceJson" name="testVersion" time="0.0070" />
  <testcase classname="net.ion.framework.parse.gson.TestAdvanceJson" name="testNullObject" time="0.0020" />
  <testcase classname="net.ion.framework.parse.gson.TestAdvanceJson" name="testXMLToJson" time="0.089" />
  <testcase classname="net.ion.framework.parse.gson.TestSimpleJson" name="testCase" time="0.0020" />
  <testcase classname="net.ion.framework.parse.gson.TestSimpleJson" name="testFromObject" time="0.0010" />
  <testcase classname="net.ion.framework.parse.gson.TestSimpleJson" name="testParseSimple" time="0.0" />
  <testcase classname="net.ion.framework.parse.gson.TestSimpleJson" name="testParseAsArray" time="0.0" />
  <testcase classname="net.ion.framework.parse.gson.TestSimpleJson" name="testToJson" time="0.0" />
  <testcase classname="net.ion.framework.parse.gson.TestSimpleJson" name="testWrite" time="0.0" />
  <testcase classname="net.ion.framework.parse.gson.TestSimpleJson" name="testToMap" time="0.0020" />
  <testcase classname="net.ion.framework.parse.gson.TestSimpleJson" name="testArray" time="0.0" />
  <testcase classname="net.ion.framework.parse.gson.TestJsonUtil" name="testEncode" time="0.0" />
  <testcase classname="net.ion.framework.parse.gson.TestJsonUtil" name="testDecode" time="0.0" />
  <testcase classname="net.ion.framework.parse.gson.TestJsonUtil" name="testFindElement" time="0.0030" />
  <testcase classname="net.ion.framework.parse.html.HTMLTest" name="testInsensitive" time="0.0030" />
  <testcase classname="net.ion.framework.parse.html.HTMLTest" name="testEmpty" time="0.0010" />
  <testcase classname="net.ion.framework.parse.html.HTMLTest" name="testDocType" time="0.0030" />
  <testcase classname="net.ion.framework.parse.html.HTMLTest" name="testOnlyText" time="0.0010" />
  <testcase classname="net.ion.framework.parse.html.HTMLTest" name="testPrefix" time="0.0" />
  <testcase classname="net.ion.framework.parse.html.HTMLTest" name="testContent" time="0.0010" />
  <testcase classname="net.ion.framework.parse.html.HTMLTest" name="testTagText" time="0.0010" />
  <testcase classname="net.ion.framework.parse.html.HTMLTest" name="testDepth" time="0.0" />
  <testcase classname="net.ion.framework.parse.html.HTMLTest" name="testGetValue" time="0.0010" />
  <testcase classname="net.ion.framework.parse.html.HTMLTest" name="testChild" time="0.0020" />
  <testcase classname="net.ion.framework.parse.html.TestParser" name="testElementValue" time="0.0010" />
  <testcase classname="net.ion.framework.rope.RopeCharSequenceTest" name="testRead" time="0.172" />
  <testcase classname="net.ion.framework.rope.RopeTest" name="testEmpty" time="0.0" />
  <testcase classname="net.ion.framework.rope.RopeTest" name="testSubstringDeleteBug" time="0.0020" />
  <testcase classname="net.ion.framework.rope.RopeTest" name="testRopeWriteBug" time="0.0" />
  <testcase classname="net.ion.framework.rope.RopeTest" name="testTemp" time="0.0" />
  <testcase classname="net.ion.framework.rope.RopeTest" name="testLengthOverflow" time="0.0" />
  <testcase classname="net.ion.framework.rope.RopeTest" name="testMatches" time="0.0030" />
  <testcase classname="net.ion.framework.rope.RopeTest" name="testConcatenationFlatFlat" time="0.0" />
  <testcase classname="net.ion.framework.rope.RopeTest" name="testIterator" time="0.0020" />
  <testcase classname="net.ion.framework.rope.RopeTest" name="testReverse" time="0.0010" />
  <testcase classname="net.ion.framework.rope.RopeTest" name="testTrim" time="0.0040" />
  <testcase classname="net.ion.framework.rope.RopeTest" name="testCreation" time="0.0" />
  <testcase classname="net.ion.framework.rope.RopeTest" name="testEquals" time="0.0" />
  <testcase classname="net.ion.framework.rope.RopeTest" name="testHashCode" time="0.0010" />
  <testcase classname="net.ion.framework.rope.RopeTest" name="testHashCode2" time="0.0010" />
  <testcase classname="net.ion.framework.rope.RopeTest" name="testIndexOf" time="0.0010" />
  <testcase classname="net.ion.framework.rope.RopeTest" name="testInsert" time="0.0010" />
  <testcase classname="net.ion.framework.rope.RopeTest" name="testPrepend" time="0.0" />
  <testcase classname="net.ion.framework.rope.RopeTest" name="testCompareTo" time="0.0" />
  <testcase classname="net.ion.framework.rope.RopeTest" name="testToString" time="0.0" />
  <testcase classname="net.ion.framework.rope.RopeTest" name="testReverseIterator" time="0.0020" />
  <testcase classname="net.ion.framework.rope.RopeTest" name="testSerialize" time="0.0050" />
  <testcase classname="net.ion.framework.rope.RopeTest" name="testPadStart" time="0.0010" />
  <testcase classname="net.ion.framework.rope.RopeTest" name="testPadEnd" time="0.0" />
  <testcase classname="net.ion.framework.rope.RopeTest" name="testSubstringBounds" time="0.0" />
  <testcase classname="net.ion.framework.rope.RopeTest" name="testAppend" time="0.0010" />
  <testcase classname="net.ion.framework.rope.RopeTest" name="testCharAt" time="0.0" />
  <testcase classname="net.ion.framework.rope.RopeTest" name="testRegexp" time="0.0" />
  <testcase classname="net.ion.framework.rope.RopeTest" name="testStartsEndsWith" time="0.0" />
  <testcase classname="net.ion.framework.rope.RopeTest" name="testIndexOfBug" time="0.0" />
  <testcase classname="net.ion.framework.rope.TestRopeInputStream" name="testRead" time="0.0040" />
  <testcase classname="net.ion.framework.rope.TestRopeInputStream" name="testCharAt" time="0.0" />
  <testcase classname="net.ion.framework.rope.TestRopeInputStream" name="testSpeed" time="0.389" />
  <testcase classname="net.ion.framework.rope.TestRopeReader" name="testSpeed" time="0.109" />
  <testcase classname="net.ion.framework.rope.TestRopeReader" name="testReader" time="0.0" />
  <testcase classname="net.ion.framework.rope.TestRopeReader" name="testSpeedDiff" time="0.047" />
  <testcase classname="net.ion.framework.rope.TestRopeReader" name="testBuildReader" time="0.0" />
  <testcase classname="net.ion.framework.rope.TestRopeReader" name="testNull" time="0.0" />
  <testcase classname="net.ion.framework.rope.TestRopeWriter" name="testWriterSpped" time="0.012" />
  <testcase classname="net.ion.framework.rope.TestRopeWriter" name="testRopeWriterSpped" time="0.027" />
  <testcase classname="net.ion.framework.db.sample.dc.DCInit" name="testDCInit" time="0.322" />
  <testcase classname="net.ion.framework.db.sample.dc.DCInit" name="testServant" time="0.058" />
  <testcase classname="net.ion.framework.db.sample.dc.DCInit" name="testServantChain" time="0.056" />
  <testcase classname="net.ion.framework.db.sample.dc.ConnectionLess" name="testThread" time="1.148" />
  <testcase classname="net.ion.framework.db.sample.servant.TestExtraServant" name="testFirst" time="0.05" />
  <testcase classname="net.ion.framework.db.sample.servant.TestExtraServant" name="testnCounter" time="0.049" />
  <testcase classname="net.ion.framework.db.sample.servant.TestExtraServant" name="testChannelServant" time="0.024" />
  <testcase classname="net.ion.framework.db.sample.servant.TestExtraServant" name="testChannelServant2" time="0.028" />
  <testcase classname="net.ion.framework.db.sample.servant.TestExtraServant" name="testChannelServant3" time="0.027" />
  <testcase classname="net.ion.framework.db.sample.servant.TestExtraServant" name="testExceptionChannelServant" time="0.057" />
  <testcase classname="net.ion.framework.db.sample.servant.TestExtraServant" name="testChannelThread" time="0.324" />
  <testcase classname="net.ion.framework.db.sample.servant.TestExtraServant" name="testChannelThread2" time="0.026" />
  <testcase classname="net.ion.framework.db.sample.servant.TestExtraServant" name="testEmptyChannel" time="0.029" />
  <testcase classname="net.ion.framework.db.servant.TestChannelServant" name="testPutTask" time="0.503" />
  <testcase classname="net.ion.framework.db.sample.first.P1_SelectQuery" name="testDefault" time="0.052" />
  <testcase classname="net.ion.framework.db.sample.first.P1_SelectQuery" name="testGetRows" time="0.055" />
  <testcase classname="net.ion.framework.db.sample.first.P1_SelectQuery" name="testParameter" time="0.051" />
  <testcase classname="net.ion.framework.db.sample.first.P1_SelectQuery" name="testFirstRow" time="0.079" />
  <testcase classname="net.ion.framework.db.sample.first.P2_UpdateQuery" name="testFirst" time="0.085" />
  <testcase classname="net.ion.framework.db.sample.first.P2_UpdateQuery" name="testParameter" time="0.122" />
  <testcase classname="net.ion.framework.db.sample.first.P3_BatchCommandQuery" name="testBatchDefault" time="0.085" />
  <testcase classname="net.ion.framework.db.sample.first.P3_BatchCommandQuery" name="testAddParamCase1" time="0.088" />
  <testcase classname="net.ion.framework.db.sample.first.P3_BatchCommandQuery" name="testAddParamCase2" time="0.089" />
  <testcase classname="net.ion.framework.db.sample.first.P3_BatchCommandQuery" name="testAddParamCase3" time="0.087" />
  <testcase classname="net.ion.framework.db.sample.first.P3_BatchCommandQuery" name="testTransaction" time="0.12" />
  <testcase classname="net.ion.framework.db.sample.first.P4_UserProcedure" name="testProcedureUpdate" time="0.106" />
  <testcase classname="net.ion.framework.db.sample.first.P4_UserProcedure" name="testProcedureQuery" time="0.117" />
  <testcase classname="net.ion.framework.db.sample.first.P5_UserProceduresQuery" name="testUpdate" time="0.094" />
  <testcase classname="net.ion.framework.db.sample.first.P5_UserProceduresQuery" name="testMultiQuery" time="0.079" />
  <testcase classname="net.ion.framework.db.sample.first.P6_UserProceduresUpdate" name="testUserProcedures" time="0.105" />
  <testcase classname="net.ion.framework.db.sample.first.P6_UserProceduresUpdate" name="testSimpleTransaction" time="0.113" />
  <testcase classname="net.ion.framework.db.sample.extend.CombinedQuery" name="testFirst" time="0.095" />
  <testcase classname="net.ion.framework.db.sample.extend.CombinedQuery" name="testSecond" time="0.109" />
  <testcase classname="net.ion.framework.db.sample.extend.LobHandle" name="testInsert" time="0.888" />
  <testcase classname="net.ion.framework.db.sample.extend.LobHandle" name="testParam" time="0.175" />
  <testcase classname="net.ion.framework.db.sample.extend.TestNamedParameter" name="testNamedParameter" time="0.171" />
  <testcase classname="net.ion.framework.db.sample.extend.TestNamedParameter" name="testNamedParameterDupl" time="0.132" />
  <testcase classname="net.ion.framework.db.sample.extend.TestNamedParameter" name="testNamedProcedure" time="0.139" />
  <testcase classname="net.ion.framework.db.sample.extend.TestNamedParameter" name="testBatch" time="0.12" />
  <testcase classname="net.ion.framework.db.sample.extend.TestNamedParameter" name="testNamedBatch" time="0.19" />
  <testcase classname="net.ion.framework.db.sample.extend.QueryPage" name="testRowsPage" time="0.048" />
  <testcase classname="net.ion.framework.db.sample.extend.QueryPage" name="testRowsPageMethod2" time="0.052" />
  <testcase classname="net.ion.framework.db.sample.handler.UseHandler" name="testMapHandler" time="0.059" />
  <testcase classname="net.ion.framework.db.sample.handler.UseHandler" name="testMapList" time="0.052" />
  <testcase classname="net.ion.framework.db.sample.handler.UseHandler" name="testBeanList" time="0.058" />
  <testcase classname="net.ion.framework.db.sample.handler.UseHandler" name="testScalar" time="0.077" />
  <testcase classname="net.ion.framework.db.sample.plan.ViewPlan" name="testViewPlan" time="0.076" />
  <testcase classname="net.ion.framework.db.sample.rows.RowsFirstRow" name="testFirstRow" time="0.05" />
  <testcase classname="net.ion.framework.db.sample.rows.RowsGet" name="testDate" time="0.064" />
  <testcase classname="net.ion.framework.db.sample.rows.RowsGet" name="testSetClob" time="0.089" />
  <testcase classname="net.ion.framework.db.sample.rows.RowsGet" name="testGetClob0" time="0.21" />
  <testcase classname="net.ion.framework.db.sample.rows.RowsGet" name="testGetClob" time="0.184" />
  <testcase classname="net.ion.framework.db.sample.rows.RowsPage" name="testDefaultLimit" time="0.051" />
  <testcase classname="net.ion.framework.db.sample.rows.RowsPage" name="testNextPage" time="0.082" />
  <testcase classname="net.ion.framework.db.sample.rows.RowsPage" name="testPrePage" time="0.066" />
  <testcase classname="net.ion.framework.db.sample.dc.RowsToXML" name="testToXML" time="0.097" />
  <testcase classname="net.ion.framework.db.sample.dc.RowsToXML" name="testDual" time="0.095" />
  <system-out><![CDATA[{"newField":"new","field":"old"}
{"newerField":"newer","newField":"new","field":"old"}
{"s":null,"i":5}
null
[Tue May 22 14:39:47 KST 2012]
select 1 from copy_sample
actual time(ms) : 5

[Tue May 22 14:39:47 KST 2012]
select 1 from copy_sample
actual time(ms) : 5

[Tue May 22 14:39:47 KST 2012]
select 1 from copy_sample
actual time(ms) : 5

[Tue May 22 14:39:48 KST 2012]
select 1 from dual
actual time(ms) : 2

[Tue May 22 14:39:48 KST 2012]
select 1 from dual
actual time(ms) : 2

[Tue May 22 14:39:49 KST 2012]
select * from dual
actual time(ms) : 2

[Tue May 22 14:39:49 KST 2012]
select * from dual
actual time(ms) : 2

[Tue May 22 14:39:49 KST 2012]
select * from dual
actual time(ms) : 2

[Tue May 22 14:39:49 KST 2012]
select * from dual
actual time(ms) : 2

[Tue May 22 14:39:49 KST 2012]
select * from dual
actual time(ms) : 2

[Tue May 22 14:39:49 KST 2012]
select * from dual
actual time(ms) : 2

[Tue May 22 14:39:49 KST 2012]
select * from dual
actual time(ms) : 2

[Tue May 22 14:39:49 KST 2012]
select * from dual
actual time(ms) : 3

[Tue May 22 14:39:49 KST 2012]
select * from dual
actual time(ms) : 2

[Tue May 22 14:39:49 KST 2012]
select * from dual
actual time(ms) : 2

[Tue May 22 14:39:49 KST 2012]
select * from dual
actual time(ms) : 2

[Tue May 22 14:39:49 KST 2012]
select * from dual
actual time(ms) : 2

[Tue May 22 14:39:49 KST 2012]
select * from dual
actual time(ms) : 2

[Tue May 22 14:39:50 KST 2012]
select 1 from dual
actual time(ms) : 2

SELECT STATEMENT ()		null
 SORT (ORDER BY)		null
  MERGE JOIN ()		null
   TABLE ACCESS (BY INDEX ROWI		DEPT_SAMPLE
    INDEX (FULL SCAN)		DEPT_SAMPLE_PK
   SORT (JOIN)		null
    TABLE ACCESS (FULL)		EMP_SAMPLE
]]></system-out>
  <system-err><![CDATA[2012. 5. 22 오후 2:39:47 net.ion.framework.db.DBController destroySelf
정보: DBController : destroyed
2012. 5. 22 오후 2:39:47 net.ion.framework.db.DBController destroySelf
정보: DBController : destroyed
2012. 5. 22 오후 2:39:47 net.ion.framework.db.DBController destroySelf
정보: DBController : destroyed
2012. 5. 22 오후 2:39:47 net.ion.framework.db.DBController destroySelf
정보: DBController : destroyed
2012. 5. 22 오후 2:39:47 net.ion.framework.db.DBController destroySelf
정보: DBController : destroyed
2012. 5. 22 오후 2:39:47 net.ion.framework.db.DBController destroySelf
정보: DBController : destroyed
2012. 5. 22 오후 2:39:48 net.ion.framework.db.DBController destroySelf
정보: DBController : destroyed
2012. 5. 22 오후 2:39:48 net.ion.framework.db.DBController destroySelf
정보: DBController : destroyed
2012. 5. 22 오후 2:39:49 net.ion.framework.db.DBController destroySelf
정보: DBController : destroyed
2012. 5. 22 오후 2:39:49 net.ion.framework.db.DBController destroySelf
정보: DBController : destroyed
2012. 5. 22 오후 2:39:49 net.ion.framework.db.DBController destroySelf
정보: DBController : destroyed
2012. 5. 22 오후 2:39:49 net.ion.framework.db.DBController destroySelf
정보: DBController : destroyed
2012. 5. 22 오후 2:39:49 net.ion.framework.db.DBController destroySelf
정보: DBController : destroyed
2012. 5. 22 오후 2:39:49 net.ion.framework.db.DBController destroySelf
정보: DBController : destroyed
2012. 5. 22 오후 2:39:49 net.ion.framework.db.DBController destroySelf
정보: DBController : destroyed
2012. 5. 22 오후 2:39:49 net.ion.framework.db.DBController destroySelf
정보: DBController : destroyed
2012. 5. 22 오후 2:39:50 net.ion.framework.db.DBController destroySelf
정보: DBController : destroyed
2012. 5. 22 오후 2:39:50 net.ion.framework.db.DBController destroySelf
정보: DBController : destroyed
2012. 5. 22 오후 2:39:50 net.ion.framework.db.DBController destroySelf
정보: DBController : destroyed
2012. 5. 22 오후 2:39:50 net.ion.framework.db.DBController destroySelf
정보: DBController : destroyed
2012. 5. 22 오후 2:39:50 net.ion.framework.db.DBController destroySelf
정보: DBController : destroyed
2012. 5. 22 오후 2:39:50 net.ion.framework.db.DBController destroySelf
정보: DBController : destroyed
2012. 5. 22 오후 2:39:50 net.ion.framework.db.DBController destroySelf
정보: DBController : destroyed
2012. 5. 22 오후 2:39:50 net.ion.framework.db.DBController destroySelf
정보: DBController : destroyed
2012. 5. 22 오후 2:39:50 net.ion.framework.db.DBController destroySelf
정보: DBController : destroyed
2012. 5. 22 오후 2:39:50 net.ion.framework.db.DBController destroySelf
정보: DBController : destroyed
2012. 5. 22 오후 2:39:50 net.ion.framework.db.DBController destroySelf
정보: DBController : destroyed
2012. 5. 22 오후 2:39:50 net.ion.framework.db.DBController destroySelf
정보: DBController : destroyed
2012. 5. 22 오후 2:39:51 net.ion.framework.db.DBController destroySelf
정보: DBController : destroyed
2012. 5. 22 오후 2:39:51 net.ion.framework.db.DBController destroySelf
정보: DBController : destroyed
2012. 5. 22 오후 2:39:51 net.ion.framework.db.DBController destroySelf
정보: DBController : destroyed
2012. 5. 22 오후 2:39:51 net.ion.framework.db.DBController destroySelf
정보: DBController : destroyed
2012. 5. 22 오후 2:39:51 net.ion.framework.db.DBController destroySelf
정보: DBController : destroyed
2012. 5. 22 오후 2:39:51 net.ion.framework.db.DBController destroySelf
정보: DBController : destroyed
2012. 5. 22 오후 2:39:51 net.ion.framework.db.DBController destroySelf
정보: DBController : destroyed
2012. 5. 22 오후 2:39:51 net.ion.framework.db.DBController destroySelf
정보: DBController : destroyed
java.sql.SQLException: ORA-22275: 부적합한 LOB 위치 지정자가 지정됨

	at oracle.jdbc.driver.DatabaseError.throwSqlException(DatabaseError.java:112)
	at oracle.jdbc.driver.T4CTTIoer.processError(T4CTTIoer.java:331)
	at oracle.jdbc.driver.T4CTTIoer.processError(T4CTTIoer.java:283)
	at oracle.jdbc.driver.T4CTTIoer.processError(T4CTTIoer.java:278)
	at oracle.jdbc.driver.T4C8TTILob.receiveReply(T4C8TTILob.java:930)
	at oracle.jdbc.driver.T4C8TTILob.freeTemporaryLob(T4C8TTILob.java:411)
	at oracle.jdbc.driver.T4CConnection.freeTemporary(T4CConnection.java:2156)
	at oracle.sql.BLOB.freeTemporary(BLOB.java:643)
	at oracle.sql.BLOB.freeTemporary(BLOB.java:608)
	at net.ion.framework.db.procedure.OracleParamUtils.freeLOB(OracleParamUtils.java:85)
	at net.ion.framework.db.procedure.OracleUserCommand.myUpdate(OracleUserCommand.java:43)
	at net.ion.framework.db.procedure.AbstractQueryable.execUpdate(AbstractQueryable.java:137)
	at net.ion.framework.db.sample.extend.LobHandle.testInsert(LobHandle.java:61)
	at sun.reflect.NativeMethodAccessorImpl.invoke0(Native Method)
	at sun.reflect.NativeMethodAccessorImpl.invoke(NativeMethodAccessorImpl.java:39)
	at sun.reflect.DelegatingMethodAccessorImpl.invoke(DelegatingMethodAccessorImpl.java:25)
	at java.lang.reflect.Method.invoke(Method.java:592)
	at junit.framework.TestCase.runTest(TestCase.java:164)
	at junit.framework.TestCase.runBare(TestCase.java:130)
	at junit.framework.TestResult$1.protect(TestResult.java:106)
	at junit.framework.TestResult.runProtected(TestResult.java:124)
	at junit.framework.TestResult.run(TestResult.java:109)
	at junit.framework.TestCase.run(TestCase.java:120)
	at junit.framework.TestSuite.runTest(TestSuite.java:230)
	at junit.framework.TestSuite.run(TestSuite.java:225)
	at junit.framework.TestSuite.runTest(TestSuite.java:230)
	at junit.framework.TestSuite.run(TestSuite.java:225)
	at junit.framework.TestSuite.runTest(TestSuite.java:230)
	at junit.framework.TestSuite.run(TestSuite.java:225)
	at org.apache.tools.ant.taskdefs.optional.junit.JUnitTestRunner.run(JUnitTestRunner.java:420)
	at org.apache.tools.ant.taskdefs.optional.junit.JUnitTestRunner.launch(JUnitTestRunner.java:911)
	at org.apache.tools.ant.taskdefs.optional.junit.JUnitTestRunner.main(JUnitTestRunner.java:768)
2012. 5. 22 오후 2:39:52 net.ion.framework.db.DBController destroySelf
정보: DBController : destroyed
2012. 5. 22 오후 2:39:52 net.ion.framework.db.DBController destroySelf
정보: DBController : destroyed
2012. 5. 22 오후 2:39:53 net.ion.framework.db.DBController destroySelf
정보: DBController : destroyed
2012. 5. 22 오후 2:39:53 net.ion.framework.db.DBController destroySelf
정보: DBController : destroyed
2012. 5. 22 오후 2:39:53 net.ion.framework.db.DBController destroySelf
정보: DBController : destroyed
2012. 5. 22 오후 2:39:53 net.ion.framework.db.DBController destroySelf
정보: DBController : destroyed
2012. 5. 22 오후 2:39:53 net.ion.framework.db.DBController destroySelf
정보: DBController : destroyed
2012. 5. 22 오후 2:39:53 net.ion.framework.db.DBController destroySelf
정보: DBController : destroyed
2012. 5. 22 오후 2:39:53 net.ion.framework.db.DBController destroySelf
정보: DBController : destroyed
2012. 5. 22 오후 2:39:53 net.ion.framework.db.DBController destroySelf
정보: DBController : destroyed
2012. 5. 22 오후 2:39:53 net.ion.framework.db.DBController destroySelf
정보: DBController : destroyed
2012. 5. 22 오후 2:39:53 net.ion.framework.db.DBController destroySelf
정보: DBController : destroyed
2012. 5. 22 오후 2:39:53 net.ion.framework.db.DBController destroySelf
정보: DBController : destroyed
2012. 5. 22 오후 2:39:54 net.ion.framework.db.DBController destroySelf
정보: DBController : destroyed
2012. 5. 22 오후 2:39:54 net.ion.framework.db.DBController destroySelf
정보: DBController : destroyed
2012. 5. 22 오후 2:39:54 net.ion.framework.db.DBController destroySelf
정보: DBController : destroyed
2012. 5. 22 오후 2:39:54 net.ion.framework.db.DBController destroySelf
정보: DBController : destroyed
2012. 5. 22 오후 2:39:54 net.ion.framework.db.DBController destroySelf
정보: DBController : destroyed
2012. 5. 22 오후 2:39:54 net.ion.framework.db.DBController destroySelf
정보: DBController : destroyed
2012. 5. 22 오후 2:39:54 net.ion.framework.db.DBController destroySelf
정보: DBController : destroyed
2012. 5. 22 오후 2:39:54 net.ion.framework.db.DBController destroySelf
정보: DBController : destroyed
2012. 5. 22 오후 2:39:54 net.ion.framework.db.DBController destroySelf
정보: DBController : destroyed
2012. 5. 22 오후 2:39:54 net.ion.framework.db.DBController destroySelf
정보: DBController : destroyed
2012. 5. 22 오후 2:39:54 net.ion.framework.db.DBController destroySelf
정보: DBController : destroyed
2012. 5. 22 오후 2:39:55 net.ion.framework.db.DBController destroySelf
정보: DBController : destroyed
2012. 5. 22 오후 2:39:55 net.ion.framework.db.DBController destroySelf
정보: DBController : destroyed
]]></system-err>
</testsuite>
