<?xml version="1.0" encoding="UTF-8" ?>
<testsuite errors="56" failures="0" hostname="bleujin-SV" name="net.ion.framework.TestAllFramework" tests="124" time="1178.027" timestamp="2013-01-08T01:03:40">
  <properties>
[...]
</properties>
  <testcase classname="net.ion.framework.parse.gson.TestAdvanceJson" name="testObject" time="0.225" />
  <testcase classname="net.ion.framework.parse.gson.TestAdvanceJson" name="testCompli" time="0.033" />
  <testcase classname="net.ion.framework.parse.gson.TestAdvanceJson" name="testVersion" time="0.013" />
  <testcase classname="net.ion.framework.parse.gson.TestAdvanceJson" name="testNullObject" time="0.0030" />
  <testcase classname="net.ion.framework.parse.gson.TestAdvanceJson" name="testXMLToJson" time="0.147" />
  <testcase classname="net.ion.framework.parse.gson.TestAdvanceJson" name="testVolatile" time="0.0050" />
  <testcase classname="net.ion.framework.parse.gson.TestSimpleJson" name="testCase" time="0.0030" />
  <testcase classname="net.ion.framework.parse.gson.TestSimpleJson" name="testFromObject" time="0.0020" />
  <testcase classname="net.ion.framework.parse.gson.TestSimpleJson" name="testParseSimple" time="0.0010" />
  <testcase classname="net.ion.framework.parse.gson.TestSimpleJson" name="testParseAsArray" time="0.0" />
  <testcase classname="net.ion.framework.parse.gson.TestSimpleJson" name="testToJson" time="0.0" />
  <testcase classname="net.ion.framework.parse.gson.TestSimpleJson" name="testWrite" time="0.0" />
  <testcase classname="net.ion.framework.parse.gson.TestSimpleJson" name="testToMap" time="0.0020" />
  <testcase classname="net.ion.framework.parse.gson.TestSimpleJson" name="testArray" time="0.0" />
  <testcase classname="net.ion.framework.parse.gson.TestJsonUtil" name="testEncode" time="0.0" />
  <testcase classname="net.ion.framework.parse.gson.TestJsonUtil" name="testDecode" time="0.0" />
  <testcase classname="net.ion.framework.parse.gson.TestJsonUtil" name="testFindElement" time="0.0040" />
  <testcase classname="net.ion.framework.parse.html.HTMLTest" name="testInsensitive" time="0.0020" />
  <testcase classname="net.ion.framework.parse.html.HTMLTest" name="testEmpty" time="0.0" />
  <testcase classname="net.ion.framework.parse.html.HTMLTest" name="testDocType" time="0.0050" />
  <testcase classname="net.ion.framework.parse.html.HTMLTest" name="testOnlyText" time="0.0010" />
  <testcase classname="net.ion.framework.parse.html.HTMLTest" name="testPrefix" time="0.0010" />
  <testcase classname="net.ion.framework.parse.html.HTMLTest" name="testContent" time="0.0" />
  <testcase classname="net.ion.framework.parse.html.HTMLTest" name="testTagText" time="0.0010" />
  <testcase classname="net.ion.framework.parse.html.HTMLTest" name="testDepth" time="0.0010" />
  <testcase classname="net.ion.framework.parse.html.HTMLTest" name="testGetValue" time="0.0020" />
  <testcase classname="net.ion.framework.parse.html.HTMLTest" name="testChild" time="0.0040" />
  <testcase classname="net.ion.framework.parse.html.TestParser" name="testElementValue" time="0.0010" />
  <testcase classname="net.ion.framework.rope.RopeCharSequenceTest" name="testRead" time="0.213" />
  <testcase classname="net.ion.framework.rope.RopeTest" name="testEmpty" time="0.0" />
  <testcase classname="net.ion.framework.rope.RopeTest" name="testSubstringDeleteBug" time="0.0050" />
  <testcase classname="net.ion.framework.rope.RopeTest" name="testRopeWriteBug" time="0.0" />
  <testcase classname="net.ion.framework.rope.RopeTest" name="testTemp" time="0.0" />
  <testcase classname="net.ion.framework.rope.RopeTest" name="testLengthOverflow" time="0.0" />
  <testcase classname="net.ion.framework.rope.RopeTest" name="testMatches" time="0.014" />
  <testcase classname="net.ion.framework.rope.RopeTest" name="testConcatenationFlatFlat" time="0.0" />
  <testcase classname="net.ion.framework.rope.RopeTest" name="testIterator" time="0.0030" />
  <testcase classname="net.ion.framework.rope.RopeTest" name="testReverse" time="0.0020" />
  <testcase classname="net.ion.framework.rope.RopeTest" name="testTrim" time="0.0060" />
  <testcase classname="net.ion.framework.rope.RopeTest" name="testCreation" time="0.0" />
  <testcase classname="net.ion.framework.rope.RopeTest" name="testEquals" time="0.0" />
  <testcase classname="net.ion.framework.rope.RopeTest" name="testHashCode" time="0.0010" />
  <testcase classname="net.ion.framework.rope.RopeTest" name="testHashCode2" time="0.0" />
  <testcase classname="net.ion.framework.rope.RopeTest" name="testIndexOf" time="0.0010" />
  <testcase classname="net.ion.framework.rope.RopeTest" name="testInsert" time="0.0" />
  <testcase classname="net.ion.framework.rope.RopeTest" name="testPrepend" time="0.0" />
  <testcase classname="net.ion.framework.rope.RopeTest" name="testCompareTo" time="0.0" />
  <testcase classname="net.ion.framework.rope.RopeTest" name="testToString" time="0.0" />
  <testcase classname="net.ion.framework.rope.RopeTest" name="testReverseIterator" time="0.0020" />
  <testcase classname="net.ion.framework.rope.RopeTest" name="testSerialize" time="0.0080" />
  <testcase classname="net.ion.framework.rope.RopeTest" name="testPadStart" time="0.0020" />
  <testcase classname="net.ion.framework.rope.RopeTest" name="testPadEnd" time="0.0" />
  <testcase classname="net.ion.framework.rope.RopeTest" name="testSubstringBounds" time="0.0" />
  <testcase classname="net.ion.framework.rope.RopeTest" name="testAppend" time="0.0" />
  <testcase classname="net.ion.framework.rope.RopeTest" name="testCharAt" time="0.0" />
  <testcase classname="net.ion.framework.rope.RopeTest" name="testRegexp" time="0.0" />
  <testcase classname="net.ion.framework.rope.RopeTest" name="testStartsEndsWith" time="0.0" />
  <testcase classname="net.ion.framework.rope.RopeTest" name="testIndexOfBug" time="0.0" />
  <testcase classname="net.ion.framework.rope.TestRopeInputStream" name="testRead" time="0.0040" />
  <testcase classname="net.ion.framework.rope.TestRopeInputStream" name="testCharAt" time="0.0" />
  <testcase classname="net.ion.framework.rope.TestRopeInputStream" name="testSpeed" time="0.388" />
  <testcase classname="net.ion.framework.rope.TestRopeReader" name="testSpeed" time="0.123" />
  <testcase classname="net.ion.framework.rope.TestRopeReader" name="testReader" time="0.0010" />
  <testcase classname="net.ion.framework.rope.TestRopeReader" name="testSpeedDiff" time="0.052" />
  <testcase classname="net.ion.framework.rope.TestRopeReader" name="testBuildReader" time="0.0" />
  <testcase classname="net.ion.framework.rope.TestRopeReader" name="testNull" time="0.0" />
  <testcase classname="net.ion.framework.rope.TestRopeWriter" name="testWriterSpped" time="0.013" />
  <testcase classname="net.ion.framework.rope.TestRopeWriter" name="testRopeWriterSpped" time="0.027" />
  <testcase classname="net.ion.framework.db.sample.dc.DCInit" name="testDCInit" time="21.172">
    <error message="IO 예외 상황: The Network Adapter could not establish the connection" type="java.sql.SQLException">java.sql.SQLException: IO 예외 상황: The Network Adapter could not establish the connection
	at oracle.jdbc.driver.DatabaseError.throwSqlException(DatabaseError.java:112)
	at oracle.jdbc.driver.DatabaseError.throwSqlException(DatabaseError.java:146)
	at oracle.jdbc.driver.DatabaseError.throwSqlException(DatabaseError.java:255)
	at oracle.jdbc.driver.T4CConnection.logon(T4CConnection.java:387)
	at oracle.jdbc.driver.PhysicalConnection.&lt;init&gt;(PhysicalConnection.java:439)
	at oracle.jdbc.driver.T4CConnection.&lt;init&gt;(T4CConnection.java:165)
	at oracle.jdbc.driver.T4CDriverExtension.getConnection(T4CDriverExtension.java:35)
	at oracle.jdbc.driver.OracleDriver.connect(OracleDriver.java:801)
	at java.sql.DriverManager.getConnection(DriverManager.java:525)
	at java.sql.DriverManager.getConnection(DriverManager.java:171)
	at net.ion.framework.db.manager.OracleDBManager.getConnection(OracleDBManager.java:46)
	at net.ion.framework.db.procedure.AbstractQueryable.getConnection(AbstractQueryable.java:183)
	at net.ion.framework.db.procedure.AbstractQueryable.execQuery(AbstractQueryable.java:109)
	at net.ion.framework.db.manager.OracleDBManager.heartbeatQuery(OracleDBManager.java:79)
	at net.ion.framework.db.manager.DBManager.initPool(DBManager.java:74)
	at net.ion.framework.db.DBController.initSelf(DBController.java:204)
	at net.ion.framework.db.DBController.initSelf(DBController.java:197)
	at net.ion.framework.db.sample.TestBaseSample.setUp(TestBaseSample.java:26)
</error>
  </testcase>
  <testcase classname="net.ion.framework.db.sample.dc.DCInit" name="testServant" time="21.003">
    <error message="IO 예외 상황: The Network Adapter could not establish the connection" type="java.sql.SQLException">java.sql.SQLException: IO 예외 상황: The Network Adapter could not establish the connection
	at oracle.jdbc.driver.DatabaseError.throwSqlException(DatabaseError.java:112)
	at oracle.jdbc.driver.DatabaseError.throwSqlException(DatabaseError.java:146)
	at oracle.jdbc.driver.DatabaseError.throwSqlException(DatabaseError.java:255)
	at oracle.jdbc.driver.T4CConnection.logon(T4CConnection.java:387)
	at oracle.jdbc.driver.PhysicalConnection.&lt;init&gt;(PhysicalConnection.java:439)
	at oracle.jdbc.driver.T4CConnection.&lt;init&gt;(T4CConnection.java:165)
	at oracle.jdbc.driver.T4CDriverExtension.getConnection(T4CDriverExtension.java:35)
	at oracle.jdbc.driver.OracleDriver.connect(OracleDriver.java:801)
	at java.sql.DriverManager.getConnection(DriverManager.java:525)
	at java.sql.DriverManager.getConnection(DriverManager.java:171)
	at net.ion.framework.db.manager.OracleDBManager.getConnection(OracleDBManager.java:46)
	at net.ion.framework.db.procedure.AbstractQueryable.getConnection(AbstractQueryable.java:183)
	at net.ion.framework.db.procedure.AbstractQueryable.execQuery(AbstractQueryable.java:109)
	at net.ion.framework.db.manager.OracleDBManager.heartbeatQuery(OracleDBManager.java:79)
	at net.ion.framework.db.manager.DBManager.initPool(DBManager.java:74)
	at net.ion.framework.db.DBController.initSelf(DBController.java:204)
	at net.ion.framework.db.DBController.initSelf(DBController.java:197)
	at net.ion.framework.db.sample.TestBaseSample.setUp(TestBaseSample.java:26)
</error>
  </testcase>
  <testcase classname="net.ion.framework.db.sample.dc.DCInit" name="testServantChain" time="20.999">
    <error message="IO 예외 상황: The Network Adapter could not establish the connection" type="java.sql.SQLException">java.sql.SQLException: IO 예외 상황: The Network Adapter could not establish the connection
	at oracle.jdbc.driver.DatabaseError.throwSqlException(DatabaseError.java:112)
	at oracle.jdbc.driver.DatabaseError.throwSqlException(DatabaseError.java:146)
	at oracle.jdbc.driver.DatabaseError.throwSqlException(DatabaseError.java:255)
	at oracle.jdbc.driver.T4CConnection.logon(T4CConnection.java:387)
	at oracle.jdbc.driver.PhysicalConnection.&lt;init&gt;(PhysicalConnection.java:439)
	at oracle.jdbc.driver.T4CConnection.&lt;init&gt;(T4CConnection.java:165)
	at oracle.jdbc.driver.T4CDriverExtension.getConnection(T4CDriverExtension.java:35)
	at oracle.jdbc.driver.OracleDriver.connect(OracleDriver.java:801)
	at java.sql.DriverManager.getConnection(DriverManager.java:525)
	at java.sql.DriverManager.getConnection(DriverManager.java:171)
	at net.ion.framework.db.manager.OracleDBManager.getConnection(OracleDBManager.java:46)
	at net.ion.framework.db.procedure.AbstractQueryable.getConnection(AbstractQueryable.java:183)
	at net.ion.framework.db.procedure.AbstractQueryable.execQuery(AbstractQueryable.java:109)
	at net.ion.framework.db.manager.OracleDBManager.heartbeatQuery(OracleDBManager.java:79)
	at net.ion.framework.db.manager.DBManager.initPool(DBManager.java:74)
	at net.ion.framework.db.DBController.initSelf(DBController.java:204)
	at net.ion.framework.db.DBController.initSelf(DBController.java:197)
	at net.ion.framework.db.sample.TestBaseSample.setUp(TestBaseSample.java:26)
</error>
  </testcase>
  <testcase classname="net.ion.framework.db.sample.dc.ConnectionLess" name="testThread" time="21.004">
    <error message="IO 예외 상황: The Network Adapter could not establish the connection" type="java.sql.SQLException">java.sql.SQLException: IO 예외 상황: The Network Adapter could not establish the connection
	at oracle.jdbc.driver.DatabaseError.throwSqlException(DatabaseError.java:112)
	at oracle.jdbc.driver.DatabaseError.throwSqlException(DatabaseError.java:146)
	at oracle.jdbc.driver.DatabaseError.throwSqlException(DatabaseError.java:255)
	at oracle.jdbc.driver.T4CConnection.logon(T4CConnection.java:387)
	at oracle.jdbc.driver.PhysicalConnection.&lt;init&gt;(PhysicalConnection.java:439)
	at oracle.jdbc.driver.T4CConnection.&lt;init&gt;(T4CConnection.java:165)
	at oracle.jdbc.driver.T4CDriverExtension.getConnection(T4CDriverExtension.java:35)
	at oracle.jdbc.driver.OracleDriver.connect(OracleDriver.java:801)
	at java.sql.DriverManager.getConnection(DriverManager.java:525)
	at java.sql.DriverManager.getConnection(DriverManager.java:171)
	at net.ion.framework.db.manager.OracleDBManager.getConnection(OracleDBManager.java:46)
	at net.ion.framework.db.procedure.AbstractQueryable.getConnection(AbstractQueryable.java:183)
	at net.ion.framework.db.procedure.AbstractQueryable.execQuery(AbstractQueryable.java:109)
	at net.ion.framework.db.manager.OracleDBManager.heartbeatQuery(OracleDBManager.java:79)
	at net.ion.framework.db.manager.DBManager.initPool(DBManager.java:74)
	at net.ion.framework.db.DBController.initSelf(DBController.java:204)
	at net.ion.framework.db.DBController.initSelf(DBController.java:197)
	at net.ion.framework.db.sample.TestBaseSample.setUp(TestBaseSample.java:26)
</error>
  </testcase>
  <testcase classname="net.ion.framework.db.sample.servant.TestExtraServant" name="testFirst" time="21.003">
    <error message="IO 예외 상황: The Network Adapter could not establish the connection" type="java.sql.SQLException">java.sql.SQLException: IO 예외 상황: The Network Adapter could not establish the connection
	at oracle.jdbc.driver.DatabaseError.throwSqlException(DatabaseError.java:112)
	at oracle.jdbc.driver.DatabaseError.throwSqlException(DatabaseError.java:146)
	at oracle.jdbc.driver.DatabaseError.throwSqlException(DatabaseError.java:255)
	at oracle.jdbc.driver.T4CConnection.logon(T4CConnection.java:387)
	at oracle.jdbc.driver.PhysicalConnection.&lt;init&gt;(PhysicalConnection.java:439)
	at oracle.jdbc.driver.T4CConnection.&lt;init&gt;(T4CConnection.java:165)
	at oracle.jdbc.driver.T4CDriverExtension.getConnection(T4CDriverExtension.java:35)
	at oracle.jdbc.driver.OracleDriver.connect(OracleDriver.java:801)
	at java.sql.DriverManager.getConnection(DriverManager.java:525)
	at java.sql.DriverManager.getConnection(DriverManager.java:171)
	at net.ion.framework.db.manager.OracleDBManager.getConnection(OracleDBManager.java:46)
	at net.ion.framework.db.procedure.AbstractQueryable.getConnection(AbstractQueryable.java:183)
	at net.ion.framework.db.procedure.AbstractQueryable.execQuery(AbstractQueryable.java:109)
	at net.ion.framework.db.manager.OracleDBManager.heartbeatQuery(OracleDBManager.java:79)
	at net.ion.framework.db.manager.DBManager.initPool(DBManager.java:74)
	at net.ion.framework.db.DBController.initSelf(DBController.java:204)
	at net.ion.framework.db.DBController.initSelf(DBController.java:197)
	at net.ion.framework.db.sample.TestBaseSample.setUp(TestBaseSample.java:26)
</error>
  </testcase>
  <testcase classname="net.ion.framework.db.sample.servant.TestExtraServant" name="testnCounter" time="21.002">
    <error message="IO 예외 상황: The Network Adapter could not establish the connection" type="java.sql.SQLException">java.sql.SQLException: IO 예외 상황: The Network Adapter could not establish the connection
	at oracle.jdbc.driver.DatabaseError.throwSqlException(DatabaseError.java:112)
	at oracle.jdbc.driver.DatabaseError.throwSqlException(DatabaseError.java:146)
	at oracle.jdbc.driver.DatabaseError.throwSqlException(DatabaseError.java:255)
	at oracle.jdbc.driver.T4CConnection.logon(T4CConnection.java:387)
	at oracle.jdbc.driver.PhysicalConnection.&lt;init&gt;(PhysicalConnection.java:439)
	at oracle.jdbc.driver.T4CConnection.&lt;init&gt;(T4CConnection.java:165)
	at oracle.jdbc.driver.T4CDriverExtension.getConnection(T4CDriverExtension.java:35)
	at oracle.jdbc.driver.OracleDriver.connect(OracleDriver.java:801)
	at java.sql.DriverManager.getConnection(DriverManager.java:525)
	at java.sql.DriverManager.getConnection(DriverManager.java:171)
	at net.ion.framework.db.manager.OracleDBManager.getConnection(OracleDBManager.java:46)
	at net.ion.framework.db.procedure.AbstractQueryable.getConnection(AbstractQueryable.java:183)
	at net.ion.framework.db.procedure.AbstractQueryable.execQuery(AbstractQueryable.java:109)
	at net.ion.framework.db.manager.OracleDBManager.heartbeatQuery(OracleDBManager.java:79)
	at net.ion.framework.db.manager.DBManager.initPool(DBManager.java:74)
	at net.ion.framework.db.DBController.initSelf(DBController.java:204)
	at net.ion.framework.db.DBController.initSelf(DBController.java:197)
	at net.ion.framework.db.sample.TestBaseSample.setUp(TestBaseSample.java:26)
</error>
  </testcase>
  <testcase classname="net.ion.framework.db.sample.servant.TestExtraServant" name="testChannelServant" time="21.006">
    <error message="IO 예외 상황: The Network Adapter could not establish the connection" type="java.sql.SQLException">java.sql.SQLException: IO 예외 상황: The Network Adapter could not establish the connection
	at oracle.jdbc.driver.DatabaseError.throwSqlException(DatabaseError.java:112)
	at oracle.jdbc.driver.DatabaseError.throwSqlException(DatabaseError.java:146)
	at oracle.jdbc.driver.DatabaseError.throwSqlException(DatabaseError.java:255)
	at oracle.jdbc.driver.T4CConnection.logon(T4CConnection.java:387)
	at oracle.jdbc.driver.PhysicalConnection.&lt;init&gt;(PhysicalConnection.java:439)
	at oracle.jdbc.driver.T4CConnection.&lt;init&gt;(T4CConnection.java:165)
	at oracle.jdbc.driver.T4CDriverExtension.getConnection(T4CDriverExtension.java:35)
	at oracle.jdbc.driver.OracleDriver.connect(OracleDriver.java:801)
	at java.sql.DriverManager.getConnection(DriverManager.java:525)
	at java.sql.DriverManager.getConnection(DriverManager.java:171)
	at net.ion.framework.db.manager.OracleDBManager.getConnection(OracleDBManager.java:46)
	at net.ion.framework.db.procedure.AbstractQueryable.getConnection(AbstractQueryable.java:183)
	at net.ion.framework.db.procedure.AbstractQueryable.execQuery(AbstractQueryable.java:109)
	at net.ion.framework.db.manager.OracleDBManager.heartbeatQuery(OracleDBManager.java:79)
	at net.ion.framework.db.manager.DBManager.initPool(DBManager.java:74)
	at net.ion.framework.db.DBController.initSelf(DBController.java:204)
	at net.ion.framework.db.DBController.initSelf(DBController.java:197)
	at net.ion.framework.db.sample.TestBaseSample.setUp(TestBaseSample.java:26)
</error>
  </testcase>
  <testcase classname="net.ion.framework.db.sample.servant.TestExtraServant" name="testChannelServant2" time="21.005">
    <error message="IO 예외 상황: The Network Adapter could not establish the connection" type="java.sql.SQLException">java.sql.SQLException: IO 예외 상황: The Network Adapter could not establish the connection
	at oracle.jdbc.driver.DatabaseError.throwSqlException(DatabaseError.java:112)
	at oracle.jdbc.driver.DatabaseError.throwSqlException(DatabaseError.java:146)
	at oracle.jdbc.driver.DatabaseError.throwSqlException(DatabaseError.java:255)
	at oracle.jdbc.driver.T4CConnection.logon(T4CConnection.java:387)
	at oracle.jdbc.driver.PhysicalConnection.&lt;init&gt;(PhysicalConnection.java:439)
	at oracle.jdbc.driver.T4CConnection.&lt;init&gt;(T4CConnection.java:165)
	at oracle.jdbc.driver.T4CDriverExtension.getConnection(T4CDriverExtension.java:35)
	at oracle.jdbc.driver.OracleDriver.connect(OracleDriver.java:801)
	at java.sql.DriverManager.getConnection(DriverManager.java:525)
	at java.sql.DriverManager.getConnection(DriverManager.java:171)
	at net.ion.framework.db.manager.OracleDBManager.getConnection(OracleDBManager.java:46)
	at net.ion.framework.db.procedure.AbstractQueryable.getConnection(AbstractQueryable.java:183)
	at net.ion.framework.db.procedure.AbstractQueryable.execQuery(AbstractQueryable.java:109)
	at net.ion.framework.db.manager.OracleDBManager.heartbeatQuery(OracleDBManager.java:79)
	at net.ion.framework.db.manager.DBManager.initPool(DBManager.java:74)
	at net.ion.framework.db.DBController.initSelf(DBController.java:204)
	at net.ion.framework.db.DBController.initSelf(DBController.java:197)
	at net.ion.framework.db.sample.TestBaseSample.setUp(TestBaseSample.java:26)
</error>
  </testcase>
  <testcase classname="net.ion.framework.db.sample.servant.TestExtraServant" name="testChannelServant3" time="21.005">
    <error message="IO 예외 상황: The Network Adapter could not establish the connection" type="java.sql.SQLException">java.sql.SQLException: IO 예외 상황: The Network Adapter could not establish the connection
	at oracle.jdbc.driver.DatabaseError.throwSqlException(DatabaseError.java:112)
	at oracle.jdbc.driver.DatabaseError.throwSqlException(DatabaseError.java:146)
	at oracle.jdbc.driver.DatabaseError.throwSqlException(DatabaseError.java:255)
	at oracle.jdbc.driver.T4CConnection.logon(T4CConnection.java:387)
	at oracle.jdbc.driver.PhysicalConnection.&lt;init&gt;(PhysicalConnection.java:439)
	at oracle.jdbc.driver.T4CConnection.&lt;init&gt;(T4CConnection.java:165)
	at oracle.jdbc.driver.T4CDriverExtension.getConnection(T4CDriverExtension.java:35)
	at oracle.jdbc.driver.OracleDriver.connect(OracleDriver.java:801)
	at java.sql.DriverManager.getConnection(DriverManager.java:525)
	at java.sql.DriverManager.getConnection(DriverManager.java:171)
	at net.ion.framework.db.manager.OracleDBManager.getConnection(OracleDBManager.java:46)
	at net.ion.framework.db.procedure.AbstractQueryable.getConnection(AbstractQueryable.java:183)
	at net.ion.framework.db.procedure.AbstractQueryable.execQuery(AbstractQueryable.java:109)
	at net.ion.framework.db.manager.OracleDBManager.heartbeatQuery(OracleDBManager.java:79)
	at net.ion.framework.db.manager.DBManager.initPool(DBManager.java:74)
	at net.ion.framework.db.DBController.initSelf(DBController.java:204)
	at net.ion.framework.db.DBController.initSelf(DBController.java:197)
	at net.ion.framework.db.sample.TestBaseSample.setUp(TestBaseSample.java:26)
</error>
  </testcase>
  <testcase classname="net.ion.framework.db.sample.servant.TestExtraServant" name="testExceptionChannelServant" time="21.003">
    <error message="IO 예외 상황: The Network Adapter could not establish the connection" type="java.sql.SQLException">java.sql.SQLException: IO 예외 상황: The Network Adapter could not establish the connection
	at oracle.jdbc.driver.DatabaseError.throwSqlException(DatabaseError.java:112)
	at oracle.jdbc.driver.DatabaseError.throwSqlException(DatabaseError.java:146)
	at oracle.jdbc.driver.DatabaseError.throwSqlException(DatabaseError.java:255)
	at oracle.jdbc.driver.T4CConnection.logon(T4CConnection.java:387)
	at oracle.jdbc.driver.PhysicalConnection.&lt;init&gt;(PhysicalConnection.java:439)
	at oracle.jdbc.driver.T4CConnection.&lt;init&gt;(T4CConnection.java:165)
	at oracle.jdbc.driver.T4CDriverExtension.getConnection(T4CDriverExtension.java:35)
	at oracle.jdbc.driver.OracleDriver.connect(OracleDriver.java:801)
	at java.sql.DriverManager.getConnection(DriverManager.java:525)
	at java.sql.DriverManager.getConnection(DriverManager.java:171)
	at net.ion.framework.db.manager.OracleDBManager.getConnection(OracleDBManager.java:46)
	at net.ion.framework.db.procedure.AbstractQueryable.getConnection(AbstractQueryable.java:183)
	at net.ion.framework.db.procedure.AbstractQueryable.execQuery(AbstractQueryable.java:109)
	at net.ion.framework.db.manager.OracleDBManager.heartbeatQuery(OracleDBManager.java:79)
	at net.ion.framework.db.manager.DBManager.initPool(DBManager.java:74)
	at net.ion.framework.db.DBController.initSelf(DBController.java:204)
	at net.ion.framework.db.DBController.initSelf(DBController.java:197)
	at net.ion.framework.db.sample.TestBaseSample.setUp(TestBaseSample.java:26)
</error>
  </testcase>
  <testcase classname="net.ion.framework.db.sample.servant.TestExtraServant" name="testChannelThread" time="21.006">
    <error message="IO 예외 상황: The Network Adapter could not establish the connection" type="java.sql.SQLException">java.sql.SQLException: IO 예외 상황: The Network Adapter could not establish the connection
	at oracle.jdbc.driver.DatabaseError.throwSqlException(DatabaseError.java:112)
	at oracle.jdbc.driver.DatabaseError.throwSqlException(DatabaseError.java:146)
	at oracle.jdbc.driver.DatabaseError.throwSqlException(DatabaseError.java:255)
	at oracle.jdbc.driver.T4CConnection.logon(T4CConnection.java:387)
	at oracle.jdbc.driver.PhysicalConnection.&lt;init&gt;(PhysicalConnection.java:439)
	at oracle.jdbc.driver.T4CConnection.&lt;init&gt;(T4CConnection.java:165)
	at oracle.jdbc.driver.T4CDriverExtension.getConnection(T4CDriverExtension.java:35)
	at oracle.jdbc.driver.OracleDriver.connect(OracleDriver.java:801)
	at java.sql.DriverManager.getConnection(DriverManager.java:525)
	at java.sql.DriverManager.getConnection(DriverManager.java:171)
	at net.ion.framework.db.manager.OracleDBManager.getConnection(OracleDBManager.java:46)
	at net.ion.framework.db.procedure.AbstractQueryable.getConnection(AbstractQueryable.java:183)
	at net.ion.framework.db.procedure.AbstractQueryable.execQuery(AbstractQueryable.java:109)
	at net.ion.framework.db.manager.OracleDBManager.heartbeatQuery(OracleDBManager.java:79)
	at net.ion.framework.db.manager.DBManager.initPool(DBManager.java:74)
	at net.ion.framework.db.DBController.initSelf(DBController.java:204)
	at net.ion.framework.db.DBController.initSelf(DBController.java:197)
	at net.ion.framework.db.sample.TestBaseSample.setUp(TestBaseSample.java:26)
</error>
  </testcase>
  <testcase classname="net.ion.framework.db.sample.servant.TestExtraServant" name="testChannelThread2" time="21.007">
    <error message="IO 예외 상황: The Network Adapter could not establish the connection" type="java.sql.SQLException">java.sql.SQLException: IO 예외 상황: The Network Adapter could not establish the connection
	at oracle.jdbc.driver.DatabaseError.throwSqlException(DatabaseError.java:112)
	at oracle.jdbc.driver.DatabaseError.throwSqlException(DatabaseError.java:146)
	at oracle.jdbc.driver.DatabaseError.throwSqlException(DatabaseError.java:255)
	at oracle.jdbc.driver.T4CConnection.logon(T4CConnection.java:387)
	at oracle.jdbc.driver.PhysicalConnection.&lt;init&gt;(PhysicalConnection.java:439)
	at oracle.jdbc.driver.T4CConnection.&lt;init&gt;(T4CConnection.java:165)
	at oracle.jdbc.driver.T4CDriverExtension.getConnection(T4CDriverExtension.java:35)
	at oracle.jdbc.driver.OracleDriver.connect(OracleDriver.java:801)
	at java.sql.DriverManager.getConnection(DriverManager.java:525)
	at java.sql.DriverManager.getConnection(DriverManager.java:171)
	at net.ion.framework.db.manager.OracleDBManager.getConnection(OracleDBManager.java:46)
	at net.ion.framework.db.procedure.AbstractQueryable.getConnection(AbstractQueryable.java:183)
	at net.ion.framework.db.procedure.AbstractQueryable.execQuery(AbstractQueryable.java:109)
	at net.ion.framework.db.manager.OracleDBManager.heartbeatQuery(OracleDBManager.java:79)
	at net.ion.framework.db.manager.DBManager.initPool(DBManager.java:74)
	at net.ion.framework.db.DBController.initSelf(DBController.java:204)
	at net.ion.framework.db.DBController.initSelf(DBController.java:197)
	at net.ion.framework.db.sample.TestBaseSample.setUp(TestBaseSample.java:26)
</error>
  </testcase>
  <testcase classname="net.ion.framework.db.sample.servant.TestExtraServant" name="testEmptyChannel" time="21.008">
    <error message="IO 예외 상황: The Network Adapter could not establish the connection" type="java.sql.SQLException">java.sql.SQLException: IO 예외 상황: The Network Adapter could not establish the connection
	at oracle.jdbc.driver.DatabaseError.throwSqlException(DatabaseError.java:112)
	at oracle.jdbc.driver.DatabaseError.throwSqlException(DatabaseError.java:146)
	at oracle.jdbc.driver.DatabaseError.throwSqlException(DatabaseError.java:255)
	at oracle.jdbc.driver.T4CConnection.logon(T4CConnection.java:387)
	at oracle.jdbc.driver.PhysicalConnection.&lt;init&gt;(PhysicalConnection.java:439)
	at oracle.jdbc.driver.T4CConnection.&lt;init&gt;(T4CConnection.java:165)
	at oracle.jdbc.driver.T4CDriverExtension.getConnection(T4CDriverExtension.java:35)
	at oracle.jdbc.driver.OracleDriver.connect(OracleDriver.java:801)
	at java.sql.DriverManager.getConnection(DriverManager.java:525)
	at java.sql.DriverManager.getConnection(DriverManager.java:171)
	at net.ion.framework.db.manager.OracleDBManager.getConnection(OracleDBManager.java:46)
	at net.ion.framework.db.procedure.AbstractQueryable.getConnection(AbstractQueryable.java:183)
	at net.ion.framework.db.procedure.AbstractQueryable.execQuery(AbstractQueryable.java:109)
	at net.ion.framework.db.manager.OracleDBManager.heartbeatQuery(OracleDBManager.java:79)
	at net.ion.framework.db.manager.DBManager.initPool(DBManager.java:74)
	at net.ion.framework.db.DBController.initSelf(DBController.java:204)
	at net.ion.framework.db.DBController.initSelf(DBController.java:197)
	at net.ion.framework.db.sample.TestBaseSample.setUp(TestBaseSample.java:26)
</error>
  </testcase>
  <testcase classname="net.ion.framework.db.servant.TestChannelServant" name="testPutTask" time="21.019">
    <error message="IO 예외 상황: The Network Adapter could not establish the connection" type="java.sql.SQLException">java.sql.SQLException: IO 예외 상황: The Network Adapter could not establish the connection
	at oracle.jdbc.driver.DatabaseError.throwSqlException(DatabaseError.java:112)
	at oracle.jdbc.driver.DatabaseError.throwSqlException(DatabaseError.java:146)
	at oracle.jdbc.driver.DatabaseError.throwSqlException(DatabaseError.java:255)
	at oracle.jdbc.driver.T4CConnection.logon(T4CConnection.java:387)
	at oracle.jdbc.driver.PhysicalConnection.&lt;init&gt;(PhysicalConnection.java:439)
	at oracle.jdbc.driver.T4CConnection.&lt;init&gt;(T4CConnection.java:165)
	at oracle.jdbc.driver.T4CDriverExtension.getConnection(T4CDriverExtension.java:35)
	at oracle.jdbc.driver.OracleDriver.connect(OracleDriver.java:801)
	at java.sql.DriverManager.getConnection(DriverManager.java:525)
	at java.sql.DriverManager.getConnection(DriverManager.java:171)
	at net.ion.framework.db.manager.OracleDBManager.getConnection(OracleDBManager.java:46)
	at net.ion.framework.db.procedure.AbstractQueryable.getConnection(AbstractQueryable.java:183)
	at net.ion.framework.db.procedure.AbstractQueryable.execQuery(AbstractQueryable.java:109)
	at net.ion.framework.db.manager.OracleDBManager.heartbeatQuery(OracleDBManager.java:79)
	at net.ion.framework.db.manager.DBManager.initPool(DBManager.java:74)
	at net.ion.framework.db.DBController.initSelf(DBController.java:204)
	at net.ion.framework.db.DBController.initSelf(DBController.java:197)
	at net.ion.framework.db.servant.TestChannelServant.testPutTask(TestChannelServant.java:16)
</error>
  </testcase>
  <testcase classname="net.ion.framework.db.sample.first.P1_SelectQuery" name="testDefault" time="21.012">
    <error message="IO 예외 상황: The Network Adapter could not establish the connection" type="java.sql.SQLException">java.sql.SQLException: IO 예외 상황: The Network Adapter could not establish the connection
	at oracle.jdbc.driver.DatabaseError.throwSqlException(DatabaseError.java:112)
	at oracle.jdbc.driver.DatabaseError.throwSqlException(DatabaseError.java:146)
	at oracle.jdbc.driver.DatabaseError.throwSqlException(DatabaseError.java:255)
	at oracle.jdbc.driver.T4CConnection.logon(T4CConnection.java:387)
	at oracle.jdbc.driver.PhysicalConnection.&lt;init&gt;(PhysicalConnection.java:439)
	at oracle.jdbc.driver.T4CConnection.&lt;init&gt;(T4CConnection.java:165)
	at oracle.jdbc.driver.T4CDriverExtension.getConnection(T4CDriverExtension.java:35)
	at oracle.jdbc.driver.OracleDriver.connect(OracleDriver.java:801)
	at java.sql.DriverManager.getConnection(DriverManager.java:525)
	at java.sql.DriverManager.getConnection(DriverManager.java:171)
	at net.ion.framework.db.manager.OracleDBManager.getConnection(OracleDBManager.java:46)
	at net.ion.framework.db.procedure.AbstractQueryable.getConnection(AbstractQueryable.java:183)
	at net.ion.framework.db.procedure.AbstractQueryable.execQuery(AbstractQueryable.java:109)
	at net.ion.framework.db.manager.OracleDBManager.heartbeatQuery(OracleDBManager.java:79)
	at net.ion.framework.db.manager.DBManager.initPool(DBManager.java:74)
	at net.ion.framework.db.DBController.initSelf(DBController.java:204)
	at net.ion.framework.db.DBController.initSelf(DBController.java:197)
	at net.ion.framework.db.sample.TestBaseSample.setUp(TestBaseSample.java:26)
</error>
  </testcase>
  <testcase classname="net.ion.framework.db.sample.first.P1_SelectQuery" name="testGetRows" time="21.007">
    <error message="IO 예외 상황: The Network Adapter could not establish the connection" type="java.sql.SQLException">java.sql.SQLException: IO 예외 상황: The Network Adapter could not establish the connection
	at oracle.jdbc.driver.DatabaseError.throwSqlException(DatabaseError.java:112)
	at oracle.jdbc.driver.DatabaseError.throwSqlException(DatabaseError.java:146)
	at oracle.jdbc.driver.DatabaseError.throwSqlException(DatabaseError.java:255)
	at oracle.jdbc.driver.T4CConnection.logon(T4CConnection.java:387)
	at oracle.jdbc.driver.PhysicalConnection.&lt;init&gt;(PhysicalConnection.java:439)
	at oracle.jdbc.driver.T4CConnection.&lt;init&gt;(T4CConnection.java:165)
	at oracle.jdbc.driver.T4CDriverExtension.getConnection(T4CDriverExtension.java:35)
	at oracle.jdbc.driver.OracleDriver.connect(OracleDriver.java:801)
	at java.sql.DriverManager.getConnection(DriverManager.java:525)
	at java.sql.DriverManager.getConnection(DriverManager.java:171)
	at net.ion.framework.db.manager.OracleDBManager.getConnection(OracleDBManager.java:46)
	at net.ion.framework.db.procedure.AbstractQueryable.getConnection(AbstractQueryable.java:183)
	at net.ion.framework.db.procedure.AbstractQueryable.execQuery(AbstractQueryable.java:109)
	at net.ion.framework.db.manager.OracleDBManager.heartbeatQuery(OracleDBManager.java:79)
	at net.ion.framework.db.manager.DBManager.initPool(DBManager.java:74)
	at net.ion.framework.db.DBController.initSelf(DBController.java:204)
	at net.ion.framework.db.DBController.initSelf(DBController.java:197)
	at net.ion.framework.db.sample.TestBaseSample.setUp(TestBaseSample.java:26)
</error>
  </testcase>
  <testcase classname="net.ion.framework.db.sample.first.P1_SelectQuery" name="testParameter" time="20.998">
    <error message="IO 예외 상황: The Network Adapter could not establish the connection" type="java.sql.SQLException">java.sql.SQLException: IO 예외 상황: The Network Adapter could not establish the connection
	at oracle.jdbc.driver.DatabaseError.throwSqlException(DatabaseError.java:112)
	at oracle.jdbc.driver.DatabaseError.throwSqlException(DatabaseError.java:146)
	at oracle.jdbc.driver.DatabaseError.throwSqlException(DatabaseError.java:255)
	at oracle.jdbc.driver.T4CConnection.logon(T4CConnection.java:387)
	at oracle.jdbc.driver.PhysicalConnection.&lt;init&gt;(PhysicalConnection.java:439)
	at oracle.jdbc.driver.T4CConnection.&lt;init&gt;(T4CConnection.java:165)
	at oracle.jdbc.driver.T4CDriverExtension.getConnection(T4CDriverExtension.java:35)
	at oracle.jdbc.driver.OracleDriver.connect(OracleDriver.java:801)
	at java.sql.DriverManager.getConnection(DriverManager.java:525)
	at java.sql.DriverManager.getConnection(DriverManager.java:171)
	at net.ion.framework.db.manager.OracleDBManager.getConnection(OracleDBManager.java:46)
	at net.ion.framework.db.procedure.AbstractQueryable.getConnection(AbstractQueryable.java:183)
	at net.ion.framework.db.procedure.AbstractQueryable.execQuery(AbstractQueryable.java:109)
	at net.ion.framework.db.manager.OracleDBManager.heartbeatQuery(OracleDBManager.java:79)
	at net.ion.framework.db.manager.DBManager.initPool(DBManager.java:74)
	at net.ion.framework.db.DBController.initSelf(DBController.java:204)
	at net.ion.framework.db.DBController.initSelf(DBController.java:197)
	at net.ion.framework.db.sample.TestBaseSample.setUp(TestBaseSample.java:26)
</error>
  </testcase>
  <testcase classname="net.ion.framework.db.sample.first.P1_SelectQuery" name="testFirstRow" time="20.998">
    <error message="IO 예외 상황: The Network Adapter could not establish the connection" type="java.sql.SQLException">java.sql.SQLException: IO 예외 상황: The Network Adapter could not establish the connection
	at oracle.jdbc.driver.DatabaseError.throwSqlException(DatabaseError.java:112)
	at oracle.jdbc.driver.DatabaseError.throwSqlException(DatabaseError.java:146)
	at oracle.jdbc.driver.DatabaseError.throwSqlException(DatabaseError.java:255)
	at oracle.jdbc.driver.T4CConnection.logon(T4CConnection.java:387)
	at oracle.jdbc.driver.PhysicalConnection.&lt;init&gt;(PhysicalConnection.java:439)
	at oracle.jdbc.driver.T4CConnection.&lt;init&gt;(T4CConnection.java:165)
	at oracle.jdbc.driver.T4CDriverExtension.getConnection(T4CDriverExtension.java:35)
	at oracle.jdbc.driver.OracleDriver.connect(OracleDriver.java:801)
	at java.sql.DriverManager.getConnection(DriverManager.java:525)
	at java.sql.DriverManager.getConnection(DriverManager.java:171)
	at net.ion.framework.db.manager.OracleDBManager.getConnection(OracleDBManager.java:46)
	at net.ion.framework.db.procedure.AbstractQueryable.getConnection(AbstractQueryable.java:183)
	at net.ion.framework.db.procedure.AbstractQueryable.execQuery(AbstractQueryable.java:109)
	at net.ion.framework.db.manager.OracleDBManager.heartbeatQuery(OracleDBManager.java:79)
	at net.ion.framework.db.manager.DBManager.initPool(DBManager.java:74)
	at net.ion.framework.db.DBController.initSelf(DBController.java:204)
	at net.ion.framework.db.DBController.initSelf(DBController.java:197)
	at net.ion.framework.db.sample.TestBaseSample.setUp(TestBaseSample.java:26)
</error>
  </testcase>
  <testcase classname="net.ion.framework.db.sample.first.P2_UpdateQuery" name="testFirst" time="21.006">
    <error message="IO 예외 상황: The Network Adapter could not establish the connection" type="java.sql.SQLException">java.sql.SQLException: IO 예외 상황: The Network Adapter could not establish the connection
	at oracle.jdbc.driver.DatabaseError.throwSqlException(DatabaseError.java:112)
	at oracle.jdbc.driver.DatabaseError.throwSqlException(DatabaseError.java:146)
	at oracle.jdbc.driver.DatabaseError.throwSqlException(DatabaseError.java:255)
	at oracle.jdbc.driver.T4CConnection.logon(T4CConnection.java:387)
	at oracle.jdbc.driver.PhysicalConnection.&lt;init&gt;(PhysicalConnection.java:439)
	at oracle.jdbc.driver.T4CConnection.&lt;init&gt;(T4CConnection.java:165)
	at oracle.jdbc.driver.T4CDriverExtension.getConnection(T4CDriverExtension.java:35)
	at oracle.jdbc.driver.OracleDriver.connect(OracleDriver.java:801)
	at java.sql.DriverManager.getConnection(DriverManager.java:525)
	at java.sql.DriverManager.getConnection(DriverManager.java:171)
	at net.ion.framework.db.manager.OracleDBManager.getConnection(OracleDBManager.java:46)
	at net.ion.framework.db.procedure.AbstractQueryable.getConnection(AbstractQueryable.java:183)
	at net.ion.framework.db.procedure.AbstractQueryable.execQuery(AbstractQueryable.java:109)
	at net.ion.framework.db.manager.OracleDBManager.heartbeatQuery(OracleDBManager.java:79)
	at net.ion.framework.db.manager.DBManager.initPool(DBManager.java:74)
	at net.ion.framework.db.DBController.initSelf(DBController.java:204)
	at net.ion.framework.db.DBController.initSelf(DBController.java:197)
	at net.ion.framework.db.sample.TestBaseSample.setUp(TestBaseSample.java:26)
	at net.ion.framework.db.sample.first.P2_UpdateQuery.setUp(P2_UpdateQuery.java:9)
</error>
  </testcase>
  <testcase classname="net.ion.framework.db.sample.first.P2_UpdateQuery" name="testParameter" time="21.007">
    <error message="IO 예외 상황: The Network Adapter could not establish the connection" type="java.sql.SQLException">java.sql.SQLException: IO 예외 상황: The Network Adapter could not establish the connection
	at oracle.jdbc.driver.DatabaseError.throwSqlException(DatabaseError.java:112)
	at oracle.jdbc.driver.DatabaseError.throwSqlException(DatabaseError.java:146)
	at oracle.jdbc.driver.DatabaseError.throwSqlException(DatabaseError.java:255)
	at oracle.jdbc.driver.T4CConnection.logon(T4CConnection.java:387)
	at oracle.jdbc.driver.PhysicalConnection.&lt;init&gt;(PhysicalConnection.java:439)
	at oracle.jdbc.driver.T4CConnection.&lt;init&gt;(T4CConnection.java:165)
	at oracle.jdbc.driver.T4CDriverExtension.getConnection(T4CDriverExtension.java:35)
	at oracle.jdbc.driver.OracleDriver.connect(OracleDriver.java:801)
	at java.sql.DriverManager.getConnection(DriverManager.java:525)
	at java.sql.DriverManager.getConnection(DriverManager.java:171)
	at net.ion.framework.db.manager.OracleDBManager.getConnection(OracleDBManager.java:46)
	at net.ion.framework.db.procedure.AbstractQueryable.getConnection(AbstractQueryable.java:183)
	at net.ion.framework.db.procedure.AbstractQueryable.execQuery(AbstractQueryable.java:109)
	at net.ion.framework.db.manager.OracleDBManager.heartbeatQuery(OracleDBManager.java:79)
	at net.ion.framework.db.manager.DBManager.initPool(DBManager.java:74)
	at net.ion.framework.db.DBController.initSelf(DBController.java:204)
	at net.ion.framework.db.DBController.initSelf(DBController.java:197)
	at net.ion.framework.db.sample.TestBaseSample.setUp(TestBaseSample.java:26)
	at net.ion.framework.db.sample.first.P2_UpdateQuery.setUp(P2_UpdateQuery.java:9)
</error>
  </testcase>
  <testcase classname="net.ion.framework.db.sample.first.P3_BatchCommandQuery" name="testBatchDefault" time="21.003">
    <error message="IO 예외 상황: The Network Adapter could not establish the connection" type="java.sql.SQLException">java.sql.SQLException: IO 예외 상황: The Network Adapter could not establish the connection
	at oracle.jdbc.driver.DatabaseError.throwSqlException(DatabaseError.java:112)
	at oracle.jdbc.driver.DatabaseError.throwSqlException(DatabaseError.java:146)
	at oracle.jdbc.driver.DatabaseError.throwSqlException(DatabaseError.java:255)
	at oracle.jdbc.driver.T4CConnection.logon(T4CConnection.java:387)
	at oracle.jdbc.driver.PhysicalConnection.&lt;init&gt;(PhysicalConnection.java:439)
	at oracle.jdbc.driver.T4CConnection.&lt;init&gt;(T4CConnection.java:165)
	at oracle.jdbc.driver.T4CDriverExtension.getConnection(T4CDriverExtension.java:35)
	at oracle.jdbc.driver.OracleDriver.connect(OracleDriver.java:801)
	at java.sql.DriverManager.getConnection(DriverManager.java:525)
	at java.sql.DriverManager.getConnection(DriverManager.java:171)
	at net.ion.framework.db.manager.OracleDBManager.getConnection(OracleDBManager.java:46)
	at net.ion.framework.db.procedure.AbstractQueryable.getConnection(AbstractQueryable.java:183)
	at net.ion.framework.db.procedure.AbstractQueryable.execQuery(AbstractQueryable.java:109)
	at net.ion.framework.db.manager.OracleDBManager.heartbeatQuery(OracleDBManager.java:79)
	at net.ion.framework.db.manager.DBManager.initPool(DBManager.java:74)
	at net.ion.framework.db.DBController.initSelf(DBController.java:204)
	at net.ion.framework.db.DBController.initSelf(DBController.java:197)
	at net.ion.framework.db.sample.TestBaseSample.setUp(TestBaseSample.java:26)
	at net.ion.framework.db.sample.first.P3_BatchCommandQuery.setUp(P3_BatchCommandQuery.java:13)
</error>
  </testcase>
  <testcase classname="net.ion.framework.db.sample.first.P3_BatchCommandQuery" name="testAddParamCase1" time="20.998">
    <error message="IO 예외 상황: The Network Adapter could not establish the connection" type="java.sql.SQLException">java.sql.SQLException: IO 예외 상황: The Network Adapter could not establish the connection
	at oracle.jdbc.driver.DatabaseError.throwSqlException(DatabaseError.java:112)
	at oracle.jdbc.driver.DatabaseError.throwSqlException(DatabaseError.java:146)
	at oracle.jdbc.driver.DatabaseError.throwSqlException(DatabaseError.java:255)
	at oracle.jdbc.driver.T4CConnection.logon(T4CConnection.java:387)
	at oracle.jdbc.driver.PhysicalConnection.&lt;init&gt;(PhysicalConnection.java:439)
	at oracle.jdbc.driver.T4CConnection.&lt;init&gt;(T4CConnection.java:165)
	at oracle.jdbc.driver.T4CDriverExtension.getConnection(T4CDriverExtension.java:35)
	at oracle.jdbc.driver.OracleDriver.connect(OracleDriver.java:801)
	at java.sql.DriverManager.getConnection(DriverManager.java:525)
	at java.sql.DriverManager.getConnection(DriverManager.java:171)
	at net.ion.framework.db.manager.OracleDBManager.getConnection(OracleDBManager.java:46)
	at net.ion.framework.db.procedure.AbstractQueryable.getConnection(AbstractQueryable.java:183)
	at net.ion.framework.db.procedure.AbstractQueryable.execQuery(AbstractQueryable.java:109)
	at net.ion.framework.db.manager.OracleDBManager.heartbeatQuery(OracleDBManager.java:79)
	at net.ion.framework.db.manager.DBManager.initPool(DBManager.java:74)
	at net.ion.framework.db.DBController.initSelf(DBController.java:204)
	at net.ion.framework.db.DBController.initSelf(DBController.java:197)
	at net.ion.framework.db.sample.TestBaseSample.setUp(TestBaseSample.java:26)
	at net.ion.framework.db.sample.first.P3_BatchCommandQuery.setUp(P3_BatchCommandQuery.java:13)
</error>
  </testcase>
  <testcase classname="net.ion.framework.db.sample.first.P3_BatchCommandQuery" name="testAddParamCase2" time="20.998">
    <error message="IO 예외 상황: The Network Adapter could not establish the connection" type="java.sql.SQLException">java.sql.SQLException: IO 예외 상황: The Network Adapter could not establish the connection
	at oracle.jdbc.driver.DatabaseError.throwSqlException(DatabaseError.java:112)
	at oracle.jdbc.driver.DatabaseError.throwSqlException(DatabaseError.java:146)
	at oracle.jdbc.driver.DatabaseError.throwSqlException(DatabaseError.java:255)
	at oracle.jdbc.driver.T4CConnection.logon(T4CConnection.java:387)
	at oracle.jdbc.driver.PhysicalConnection.&lt;init&gt;(PhysicalConnection.java:439)
	at oracle.jdbc.driver.T4CConnection.&lt;init&gt;(T4CConnection.java:165)
	at oracle.jdbc.driver.T4CDriverExtension.getConnection(T4CDriverExtension.java:35)
	at oracle.jdbc.driver.OracleDriver.connect(OracleDriver.java:801)
	at java.sql.DriverManager.getConnection(DriverManager.java:525)
	at java.sql.DriverManager.getConnection(DriverManager.java:171)
	at net.ion.framework.db.manager.OracleDBManager.getConnection(OracleDBManager.java:46)
	at net.ion.framework.db.procedure.AbstractQueryable.getConnection(AbstractQueryable.java:183)
	at net.ion.framework.db.procedure.AbstractQueryable.execQuery(AbstractQueryable.java:109)
	at net.ion.framework.db.manager.OracleDBManager.heartbeatQuery(OracleDBManager.java:79)
	at net.ion.framework.db.manager.DBManager.initPool(DBManager.java:74)
	at net.ion.framework.db.DBController.initSelf(DBController.java:204)
	at net.ion.framework.db.DBController.initSelf(DBController.java:197)
	at net.ion.framework.db.sample.TestBaseSample.setUp(TestBaseSample.java:26)
	at net.ion.framework.db.sample.first.P3_BatchCommandQuery.setUp(P3_BatchCommandQuery.java:13)
</error>
  </testcase>
  <testcase classname="net.ion.framework.db.sample.first.P3_BatchCommandQuery" name="testAddParamCase3" time="21.003">
    <error message="IO 예외 상황: The Network Adapter could not establish the connection" type="java.sql.SQLException">java.sql.SQLException: IO 예외 상황: The Network Adapter could not establish the connection
	at oracle.jdbc.driver.DatabaseError.throwSqlException(DatabaseError.java:112)
	at oracle.jdbc.driver.DatabaseError.throwSqlException(DatabaseError.java:146)
	at oracle.jdbc.driver.DatabaseError.throwSqlException(DatabaseError.java:255)
	at oracle.jdbc.driver.T4CConnection.logon(T4CConnection.java:387)
	at oracle.jdbc.driver.PhysicalConnection.&lt;init&gt;(PhysicalConnection.java:439)
	at oracle.jdbc.driver.T4CConnection.&lt;init&gt;(T4CConnection.java:165)
	at oracle.jdbc.driver.T4CDriverExtension.getConnection(T4CDriverExtension.java:35)
	at oracle.jdbc.driver.OracleDriver.connect(OracleDriver.java:801)
	at java.sql.DriverManager.getConnection(DriverManager.java:525)
	at java.sql.DriverManager.getConnection(DriverManager.java:171)
	at net.ion.framework.db.manager.OracleDBManager.getConnection(OracleDBManager.java:46)
	at net.ion.framework.db.procedure.AbstractQueryable.getConnection(AbstractQueryable.java:183)
	at net.ion.framework.db.procedure.AbstractQueryable.execQuery(AbstractQueryable.java:109)
	at net.ion.framework.db.manager.OracleDBManager.heartbeatQuery(OracleDBManager.java:79)
	at net.ion.framework.db.manager.DBManager.initPool(DBManager.java:74)
	at net.ion.framework.db.DBController.initSelf(DBController.java:204)
	at net.ion.framework.db.DBController.initSelf(DBController.java:197)
	at net.ion.framework.db.sample.TestBaseSample.setUp(TestBaseSample.java:26)
	at net.ion.framework.db.sample.first.P3_BatchCommandQuery.setUp(P3_BatchCommandQuery.java:13)
</error>
  </testcase>
  <testcase classname="net.ion.framework.db.sample.first.P3_BatchCommandQuery" name="testTransaction" time="21.008">
    <error message="IO 예외 상황: The Network Adapter could not establish the connection" type="java.sql.SQLException">java.sql.SQLException: IO 예외 상황: The Network Adapter could not establish the connection
	at oracle.jdbc.driver.DatabaseError.throwSqlException(DatabaseError.java:112)
	at oracle.jdbc.driver.DatabaseError.throwSqlException(DatabaseError.java:146)
	at oracle.jdbc.driver.DatabaseError.throwSqlException(DatabaseError.java:255)
	at oracle.jdbc.driver.T4CConnection.logon(T4CConnection.java:387)
	at oracle.jdbc.driver.PhysicalConnection.&lt;init&gt;(PhysicalConnection.java:439)
	at oracle.jdbc.driver.T4CConnection.&lt;init&gt;(T4CConnection.java:165)
	at oracle.jdbc.driver.T4CDriverExtension.getConnection(T4CDriverExtension.java:35)
	at oracle.jdbc.driver.OracleDriver.connect(OracleDriver.java:801)
	at java.sql.DriverManager.getConnection(DriverManager.java:525)
	at java.sql.DriverManager.getConnection(DriverManager.java:171)
	at net.ion.framework.db.manager.OracleDBManager.getConnection(OracleDBManager.java:46)
	at net.ion.framework.db.procedure.AbstractQueryable.getConnection(AbstractQueryable.java:183)
	at net.ion.framework.db.procedure.AbstractQueryable.execQuery(AbstractQueryable.java:109)
	at net.ion.framework.db.manager.OracleDBManager.heartbeatQuery(OracleDBManager.java:79)
	at net.ion.framework.db.manager.DBManager.initPool(DBManager.java:74)
	at net.ion.framework.db.DBController.initSelf(DBController.java:204)
	at net.ion.framework.db.DBController.initSelf(DBController.java:197)
	at net.ion.framework.db.sample.TestBaseSample.setUp(TestBaseSample.java:26)
	at net.ion.framework.db.sample.first.P3_BatchCommandQuery.setUp(P3_BatchCommandQuery.java:13)
</error>
  </testcase>
  <testcase classname="net.ion.framework.db.sample.first.P4_UserProcedure" name="testProcedureUpdate" time="21.001">
    <error message="IO 예외 상황: The Network Adapter could not establish the connection" type="java.sql.SQLException">java.sql.SQLException: IO 예외 상황: The Network Adapter could not establish the connection
	at oracle.jdbc.driver.DatabaseError.throwSqlException(DatabaseError.java:112)
	at oracle.jdbc.driver.DatabaseError.throwSqlException(DatabaseError.java:146)
	at oracle.jdbc.driver.DatabaseError.throwSqlException(DatabaseError.java:255)
	at oracle.jdbc.driver.T4CConnection.logon(T4CConnection.java:387)
	at oracle.jdbc.driver.PhysicalConnection.&lt;init&gt;(PhysicalConnection.java:439)
	at oracle.jdbc.driver.T4CConnection.&lt;init&gt;(T4CConnection.java:165)
	at oracle.jdbc.driver.T4CDriverExtension.getConnection(T4CDriverExtension.java:35)
	at oracle.jdbc.driver.OracleDriver.connect(OracleDriver.java:801)
	at java.sql.DriverManager.getConnection(DriverManager.java:525)
	at java.sql.DriverManager.getConnection(DriverManager.java:171)
	at net.ion.framework.db.manager.OracleDBManager.getConnection(OracleDBManager.java:46)
	at net.ion.framework.db.procedure.AbstractQueryable.getConnection(AbstractQueryable.java:183)
	at net.ion.framework.db.procedure.AbstractQueryable.execQuery(AbstractQueryable.java:109)
	at net.ion.framework.db.manager.OracleDBManager.heartbeatQuery(OracleDBManager.java:79)
	at net.ion.framework.db.manager.DBManager.initPool(DBManager.java:74)
	at net.ion.framework.db.DBController.initSelf(DBController.java:204)
	at net.ion.framework.db.DBController.initSelf(DBController.java:197)
	at net.ion.framework.db.sample.TestBaseSample.setUp(TestBaseSample.java:26)
	at net.ion.framework.db.sample.first.P4_UserProcedure.setUp(P4_UserProcedure.java:25)
</error>
  </testcase>
  <testcase classname="net.ion.framework.db.sample.first.P4_UserProcedure" name="testProcedureQuery" time="21.005">
    <error message="IO 예외 상황: The Network Adapter could not establish the connection" type="java.sql.SQLException">java.sql.SQLException: IO 예외 상황: The Network Adapter could not establish the connection
	at oracle.jdbc.driver.DatabaseError.throwSqlException(DatabaseError.java:112)
	at oracle.jdbc.driver.DatabaseError.throwSqlException(DatabaseError.java:146)
	at oracle.jdbc.driver.DatabaseError.throwSqlException(DatabaseError.java:255)
	at oracle.jdbc.driver.T4CConnection.logon(T4CConnection.java:387)
	at oracle.jdbc.driver.PhysicalConnection.&lt;init&gt;(PhysicalConnection.java:439)
	at oracle.jdbc.driver.T4CConnection.&lt;init&gt;(T4CConnection.java:165)
	at oracle.jdbc.driver.T4CDriverExtension.getConnection(T4CDriverExtension.java:35)
	at oracle.jdbc.driver.OracleDriver.connect(OracleDriver.java:801)
	at java.sql.DriverManager.getConnection(DriverManager.java:525)
	at java.sql.DriverManager.getConnection(DriverManager.java:171)
	at net.ion.framework.db.manager.OracleDBManager.getConnection(OracleDBManager.java:46)
	at net.ion.framework.db.procedure.AbstractQueryable.getConnection(AbstractQueryable.java:183)
	at net.ion.framework.db.procedure.AbstractQueryable.execQuery(AbstractQueryable.java:109)
	at net.ion.framework.db.manager.OracleDBManager.heartbeatQuery(OracleDBManager.java:79)
	at net.ion.framework.db.manager.DBManager.initPool(DBManager.java:74)
	at net.ion.framework.db.DBController.initSelf(DBController.java:204)
	at net.ion.framework.db.DBController.initSelf(DBController.java:197)
	at net.ion.framework.db.sample.TestBaseSample.setUp(TestBaseSample.java:26)
	at net.ion.framework.db.sample.first.P4_UserProcedure.setUp(P4_UserProcedure.java:25)
</error>
  </testcase>
  <testcase classname="net.ion.framework.db.sample.first.P5_UserProceduresQuery" name="testUpdate" time="21.009">
    <error message="IO 예외 상황: The Network Adapter could not establish the connection" type="java.sql.SQLException">java.sql.SQLException: IO 예외 상황: The Network Adapter could not establish the connection
	at oracle.jdbc.driver.DatabaseError.throwSqlException(DatabaseError.java:112)
	at oracle.jdbc.driver.DatabaseError.throwSqlException(DatabaseError.java:146)
	at oracle.jdbc.driver.DatabaseError.throwSqlException(DatabaseError.java:255)
	at oracle.jdbc.driver.T4CConnection.logon(T4CConnection.java:387)
	at oracle.jdbc.driver.PhysicalConnection.&lt;init&gt;(PhysicalConnection.java:439)
	at oracle.jdbc.driver.T4CConnection.&lt;init&gt;(T4CConnection.java:165)
	at oracle.jdbc.driver.T4CDriverExtension.getConnection(T4CDriverExtension.java:35)
	at oracle.jdbc.driver.OracleDriver.connect(OracleDriver.java:801)
	at java.sql.DriverManager.getConnection(DriverManager.java:525)
	at java.sql.DriverManager.getConnection(DriverManager.java:171)
	at net.ion.framework.db.manager.OracleDBManager.getConnection(OracleDBManager.java:46)
	at net.ion.framework.db.procedure.AbstractQueryable.getConnection(AbstractQueryable.java:183)
	at net.ion.framework.db.procedure.AbstractQueryable.execQuery(AbstractQueryable.java:109)
	at net.ion.framework.db.manager.OracleDBManager.heartbeatQuery(OracleDBManager.java:79)
	at net.ion.framework.db.manager.DBManager.initPool(DBManager.java:74)
	at net.ion.framework.db.DBController.initSelf(DBController.java:204)
	at net.ion.framework.db.DBController.initSelf(DBController.java:197)
	at net.ion.framework.db.sample.TestBaseSample.setUp(TestBaseSample.java:26)
	at net.ion.framework.db.sample.first.P5_UserProceduresQuery.setUp(P5_UserProceduresQuery.java:14)
</error>
  </testcase>
  <testcase classname="net.ion.framework.db.sample.first.P5_UserProceduresQuery" name="testMultiQuery" time="21.007">
    <error message="IO 예외 상황: The Network Adapter could not establish the connection" type="java.sql.SQLException">java.sql.SQLException: IO 예외 상황: The Network Adapter could not establish the connection
	at oracle.jdbc.driver.DatabaseError.throwSqlException(DatabaseError.java:112)
	at oracle.jdbc.driver.DatabaseError.throwSqlException(DatabaseError.java:146)
	at oracle.jdbc.driver.DatabaseError.throwSqlException(DatabaseError.java:255)
	at oracle.jdbc.driver.T4CConnection.logon(T4CConnection.java:387)
	at oracle.jdbc.driver.PhysicalConnection.&lt;init&gt;(PhysicalConnection.java:439)
	at oracle.jdbc.driver.T4CConnection.&lt;init&gt;(T4CConnection.java:165)
	at oracle.jdbc.driver.T4CDriverExtension.getConnection(T4CDriverExtension.java:35)
	at oracle.jdbc.driver.OracleDriver.connect(OracleDriver.java:801)
	at java.sql.DriverManager.getConnection(DriverManager.java:525)
	at java.sql.DriverManager.getConnection(DriverManager.java:171)
	at net.ion.framework.db.manager.OracleDBManager.getConnection(OracleDBManager.java:46)
	at net.ion.framework.db.procedure.AbstractQueryable.getConnection(AbstractQueryable.java:183)
	at net.ion.framework.db.procedure.AbstractQueryable.execQuery(AbstractQueryable.java:109)
	at net.ion.framework.db.manager.OracleDBManager.heartbeatQuery(OracleDBManager.java:79)
	at net.ion.framework.db.manager.DBManager.initPool(DBManager.java:74)
	at net.ion.framework.db.DBController.initSelf(DBController.java:204)
	at net.ion.framework.db.DBController.initSelf(DBController.java:197)
	at net.ion.framework.db.sample.TestBaseSample.setUp(TestBaseSample.java:26)
	at net.ion.framework.db.sample.first.P5_UserProceduresQuery.setUp(P5_UserProceduresQuery.java:14)
</error>
  </testcase>
  <testcase classname="net.ion.framework.db.sample.first.P6_UserProceduresUpdate" name="testUserProcedures" time="21.004">
    <error message="IO 예외 상황: The Network Adapter could not establish the connection" type="java.sql.SQLException">java.sql.SQLException: IO 예외 상황: The Network Adapter could not establish the connection
	at oracle.jdbc.driver.DatabaseError.throwSqlException(DatabaseError.java:112)
	at oracle.jdbc.driver.DatabaseError.throwSqlException(DatabaseError.java:146)
	at oracle.jdbc.driver.DatabaseError.throwSqlException(DatabaseError.java:255)
	at oracle.jdbc.driver.T4CConnection.logon(T4CConnection.java:387)
	at oracle.jdbc.driver.PhysicalConnection.&lt;init&gt;(PhysicalConnection.java:439)
	at oracle.jdbc.driver.T4CConnection.&lt;init&gt;(T4CConnection.java:165)
	at oracle.jdbc.driver.T4CDriverExtension.getConnection(T4CDriverExtension.java:35)
	at oracle.jdbc.driver.OracleDriver.connect(OracleDriver.java:801)
	at java.sql.DriverManager.getConnection(DriverManager.java:525)
	at java.sql.DriverManager.getConnection(DriverManager.java:171)
	at net.ion.framework.db.manager.OracleDBManager.getConnection(OracleDBManager.java:46)
	at net.ion.framework.db.procedure.AbstractQueryable.getConnection(AbstractQueryable.java:183)
	at net.ion.framework.db.procedure.AbstractQueryable.execQuery(AbstractQueryable.java:109)
	at net.ion.framework.db.manager.OracleDBManager.heartbeatQuery(OracleDBManager.java:79)
	at net.ion.framework.db.manager.DBManager.initPool(DBManager.java:74)
	at net.ion.framework.db.DBController.initSelf(DBController.java:204)
	at net.ion.framework.db.DBController.initSelf(DBController.java:197)
	at net.ion.framework.db.sample.TestBaseSample.setUp(TestBaseSample.java:26)
	at net.ion.framework.db.sample.first.P6_UserProceduresUpdate.setUp(P6_UserProceduresUpdate.java:14)
</error>
  </testcase>
  <testcase classname="net.ion.framework.db.sample.first.P6_UserProceduresUpdate" name="testSimpleTransaction" time="20.999">
    <error message="IO 예외 상황: The Network Adapter could not establish the connection" type="java.sql.SQLException">java.sql.SQLException: IO 예외 상황: The Network Adapter could not establish the connection
	at oracle.jdbc.driver.DatabaseError.throwSqlException(DatabaseError.java:112)
	at oracle.jdbc.driver.DatabaseError.throwSqlException(DatabaseError.java:146)
	at oracle.jdbc.driver.DatabaseError.throwSqlException(DatabaseError.java:255)
	at oracle.jdbc.driver.T4CConnection.logon(T4CConnection.java:387)
	at oracle.jdbc.driver.PhysicalConnection.&lt;init&gt;(PhysicalConnection.java:439)
	at oracle.jdbc.driver.T4CConnection.&lt;init&gt;(T4CConnection.java:165)
	at oracle.jdbc.driver.T4CDriverExtension.getConnection(T4CDriverExtension.java:35)
	at oracle.jdbc.driver.OracleDriver.connect(OracleDriver.java:801)
	at java.sql.DriverManager.getConnection(DriverManager.java:525)
	at java.sql.DriverManager.getConnection(DriverManager.java:171)
	at net.ion.framework.db.manager.OracleDBManager.getConnection(OracleDBManager.java:46)
	at net.ion.framework.db.procedure.AbstractQueryable.getConnection(AbstractQueryable.java:183)
	at net.ion.framework.db.procedure.AbstractQueryable.execQuery(AbstractQueryable.java:109)
	at net.ion.framework.db.manager.OracleDBManager.heartbeatQuery(OracleDBManager.java:79)
	at net.ion.framework.db.manager.DBManager.initPool(DBManager.java:74)
	at net.ion.framework.db.DBController.initSelf(DBController.java:204)
	at net.ion.framework.db.DBController.initSelf(DBController.java:197)
	at net.ion.framework.db.sample.TestBaseSample.setUp(TestBaseSample.java:26)
	at net.ion.framework.db.sample.first.P6_UserProceduresUpdate.setUp(P6_UserProceduresUpdate.java:14)
</error>
  </testcase>
  <testcase classname="net.ion.framework.db.sample.extend.CombinedQuery" name="testFirst" time="21.002">
    <error message="IO 예외 상황: The Network Adapter could not establish the connection" type="java.sql.SQLException">java.sql.SQLException: IO 예외 상황: The Network Adapter could not establish the connection
	at oracle.jdbc.driver.DatabaseError.throwSqlException(DatabaseError.java:112)
	at oracle.jdbc.driver.DatabaseError.throwSqlException(DatabaseError.java:146)
	at oracle.jdbc.driver.DatabaseError.throwSqlException(DatabaseError.java:255)
	at oracle.jdbc.driver.T4CConnection.logon(T4CConnection.java:387)
	at oracle.jdbc.driver.PhysicalConnection.&lt;init&gt;(PhysicalConnection.java:439)
	at oracle.jdbc.driver.T4CConnection.&lt;init&gt;(T4CConnection.java:165)
	at oracle.jdbc.driver.T4CDriverExtension.getConnection(T4CDriverExtension.java:35)
	at oracle.jdbc.driver.OracleDriver.connect(OracleDriver.java:801)
	at java.sql.DriverManager.getConnection(DriverManager.java:525)
	at java.sql.DriverManager.getConnection(DriverManager.java:171)
	at net.ion.framework.db.manager.OracleDBManager.getConnection(OracleDBManager.java:46)
	at net.ion.framework.db.procedure.AbstractQueryable.getConnection(AbstractQueryable.java:183)
	at net.ion.framework.db.procedure.AbstractQueryable.execQuery(AbstractQueryable.java:109)
	at net.ion.framework.db.manager.OracleDBManager.heartbeatQuery(OracleDBManager.java:79)
	at net.ion.framework.db.manager.DBManager.initPool(DBManager.java:74)
	at net.ion.framework.db.DBController.initSelf(DBController.java:204)
	at net.ion.framework.db.DBController.initSelf(DBController.java:197)
	at net.ion.framework.db.sample.TestBaseSample.setUp(TestBaseSample.java:26)
	at net.ion.framework.db.sample.extend.CombinedQuery.setUp(CombinedQuery.java:14)
</error>
  </testcase>
  <testcase classname="net.ion.framework.db.sample.extend.CombinedQuery" name="testSecond" time="21.006">
    <error message="IO 예외 상황: The Network Adapter could not establish the connection" type="java.sql.SQLException">java.sql.SQLException: IO 예외 상황: The Network Adapter could not establish the connection
	at oracle.jdbc.driver.DatabaseError.throwSqlException(DatabaseError.java:112)
	at oracle.jdbc.driver.DatabaseError.throwSqlException(DatabaseError.java:146)
	at oracle.jdbc.driver.DatabaseError.throwSqlException(DatabaseError.java:255)
	at oracle.jdbc.driver.T4CConnection.logon(T4CConnection.java:387)
	at oracle.jdbc.driver.PhysicalConnection.&lt;init&gt;(PhysicalConnection.java:439)
	at oracle.jdbc.driver.T4CConnection.&lt;init&gt;(T4CConnection.java:165)
	at oracle.jdbc.driver.T4CDriverExtension.getConnection(T4CDriverExtension.java:35)
	at oracle.jdbc.driver.OracleDriver.connect(OracleDriver.java:801)
	at java.sql.DriverManager.getConnection(DriverManager.java:525)
	at java.sql.DriverManager.getConnection(DriverManager.java:171)
	at net.ion.framework.db.manager.OracleDBManager.getConnection(OracleDBManager.java:46)
	at net.ion.framework.db.procedure.AbstractQueryable.getConnection(AbstractQueryable.java:183)
	at net.ion.framework.db.procedure.AbstractQueryable.execQuery(AbstractQueryable.java:109)
	at net.ion.framework.db.manager.OracleDBManager.heartbeatQuery(OracleDBManager.java:79)
	at net.ion.framework.db.manager.DBManager.initPool(DBManager.java:74)
	at net.ion.framework.db.DBController.initSelf(DBController.java:204)
	at net.ion.framework.db.DBController.initSelf(DBController.java:197)
	at net.ion.framework.db.sample.TestBaseSample.setUp(TestBaseSample.java:26)
	at net.ion.framework.db.sample.extend.CombinedQuery.setUp(CombinedQuery.java:14)
</error>
  </testcase>
  <testcase classname="net.ion.framework.db.sample.extend.LobHandle" name="testParam" time="20.992">
    <error message="IO 예외 상황: The Network Adapter could not establish the connection" type="java.sql.SQLException">java.sql.SQLException: IO 예외 상황: The Network Adapter could not establish the connection
	at oracle.jdbc.driver.DatabaseError.throwSqlException(DatabaseError.java:112)
	at oracle.jdbc.driver.DatabaseError.throwSqlException(DatabaseError.java:146)
	at oracle.jdbc.driver.DatabaseError.throwSqlException(DatabaseError.java:255)
	at oracle.jdbc.driver.T4CConnection.logon(T4CConnection.java:387)
	at oracle.jdbc.driver.PhysicalConnection.&lt;init&gt;(PhysicalConnection.java:439)
	at oracle.jdbc.driver.T4CConnection.&lt;init&gt;(T4CConnection.java:165)
	at oracle.jdbc.driver.T4CDriverExtension.getConnection(T4CDriverExtension.java:35)
	at oracle.jdbc.driver.OracleDriver.connect(OracleDriver.java:801)
	at java.sql.DriverManager.getConnection(DriverManager.java:525)
	at java.sql.DriverManager.getConnection(DriverManager.java:171)
	at net.ion.framework.db.manager.OracleDBManager.getConnection(OracleDBManager.java:46)
	at net.ion.framework.db.procedure.AbstractQueryable.getConnection(AbstractQueryable.java:183)
	at net.ion.framework.db.procedure.AbstractQueryable.execQuery(AbstractQueryable.java:109)
	at net.ion.framework.db.manager.OracleDBManager.heartbeatQuery(OracleDBManager.java:79)
	at net.ion.framework.db.manager.DBManager.initPool(DBManager.java:74)
	at net.ion.framework.db.DBController.initSelf(DBController.java:204)
	at net.ion.framework.db.DBController.initSelf(DBController.java:197)
	at net.ion.framework.db.sample.TestBaseSample.setUp(TestBaseSample.java:26)
	at net.ion.framework.db.sample.extend.LobHandle.setUp(LobHandle.java:23)
</error>
  </testcase>
  <testcase classname="net.ion.framework.db.sample.extend.TestNamedParameter" name="testNamedParameter" time="21.011">
    <error message="IO 예외 상황: The Network Adapter could not establish the connection" type="java.sql.SQLException">java.sql.SQLException: IO 예외 상황: The Network Adapter could not establish the connection
	at oracle.jdbc.driver.DatabaseError.throwSqlException(DatabaseError.java:112)
	at oracle.jdbc.driver.DatabaseError.throwSqlException(DatabaseError.java:146)
	at oracle.jdbc.driver.DatabaseError.throwSqlException(DatabaseError.java:255)
	at oracle.jdbc.driver.T4CConnection.logon(T4CConnection.java:387)
	at oracle.jdbc.driver.PhysicalConnection.&lt;init&gt;(PhysicalConnection.java:439)
	at oracle.jdbc.driver.T4CConnection.&lt;init&gt;(T4CConnection.java:165)
	at oracle.jdbc.driver.T4CDriverExtension.getConnection(T4CDriverExtension.java:35)
	at oracle.jdbc.driver.OracleDriver.connect(OracleDriver.java:801)
	at java.sql.DriverManager.getConnection(DriverManager.java:525)
	at java.sql.DriverManager.getConnection(DriverManager.java:171)
	at net.ion.framework.db.manager.OracleDBManager.getConnection(OracleDBManager.java:46)
	at net.ion.framework.db.procedure.AbstractQueryable.getConnection(AbstractQueryable.java:183)
	at net.ion.framework.db.procedure.AbstractQueryable.execQuery(AbstractQueryable.java:109)
	at net.ion.framework.db.manager.OracleDBManager.heartbeatQuery(OracleDBManager.java:79)
	at net.ion.framework.db.manager.DBManager.initPool(DBManager.java:74)
	at net.ion.framework.db.DBController.initSelf(DBController.java:204)
	at net.ion.framework.db.DBController.initSelf(DBController.java:197)
	at net.ion.framework.db.sample.TestBaseSample.setUp(TestBaseSample.java:26)
	at net.ion.framework.db.sample.extend.TestNamedParameter.setUp(TestNamedParameter.java:17)
</error>
  </testcase>
  <testcase classname="net.ion.framework.db.sample.extend.TestNamedParameter" name="testNamedParameterDupl" time="21.007">
    <error message="IO 예외 상황: The Network Adapter could not establish the connection" type="java.sql.SQLException">java.sql.SQLException: IO 예외 상황: The Network Adapter could not establish the connection
	at oracle.jdbc.driver.DatabaseError.throwSqlException(DatabaseError.java:112)
	at oracle.jdbc.driver.DatabaseError.throwSqlException(DatabaseError.java:146)
	at oracle.jdbc.driver.DatabaseError.throwSqlException(DatabaseError.java:255)
	at oracle.jdbc.driver.T4CConnection.logon(T4CConnection.java:387)
	at oracle.jdbc.driver.PhysicalConnection.&lt;init&gt;(PhysicalConnection.java:439)
	at oracle.jdbc.driver.T4CConnection.&lt;init&gt;(T4CConnection.java:165)
	at oracle.jdbc.driver.T4CDriverExtension.getConnection(T4CDriverExtension.java:35)
	at oracle.jdbc.driver.OracleDriver.connect(OracleDriver.java:801)
	at java.sql.DriverManager.getConnection(DriverManager.java:525)
	at java.sql.DriverManager.getConnection(DriverManager.java:171)
	at net.ion.framework.db.manager.OracleDBManager.getConnection(OracleDBManager.java:46)
	at net.ion.framework.db.procedure.AbstractQueryable.getConnection(AbstractQueryable.java:183)
	at net.ion.framework.db.procedure.AbstractQueryable.execQuery(AbstractQueryable.java:109)
	at net.ion.framework.db.manager.OracleDBManager.heartbeatQuery(OracleDBManager.java:79)
	at net.ion.framework.db.manager.DBManager.initPool(DBManager.java:74)
	at net.ion.framework.db.DBController.initSelf(DBController.java:204)
	at net.ion.framework.db.DBController.initSelf(DBController.java:197)
	at net.ion.framework.db.sample.TestBaseSample.setUp(TestBaseSample.java:26)
	at net.ion.framework.db.sample.extend.TestNamedParameter.setUp(TestNamedParameter.java:17)
</error>
  </testcase>
  <testcase classname="net.ion.framework.db.sample.extend.TestNamedParameter" name="testNamedProcedure" time="21.006">
    <error message="IO 예외 상황: The Network Adapter could not establish the connection" type="java.sql.SQLException">java.sql.SQLException: IO 예외 상황: The Network Adapter could not establish the connection
	at oracle.jdbc.driver.DatabaseError.throwSqlException(DatabaseError.java:112)
	at oracle.jdbc.driver.DatabaseError.throwSqlException(DatabaseError.java:146)
	at oracle.jdbc.driver.DatabaseError.throwSqlException(DatabaseError.java:255)
	at oracle.jdbc.driver.T4CConnection.logon(T4CConnection.java:387)
	at oracle.jdbc.driver.PhysicalConnection.&lt;init&gt;(PhysicalConnection.java:439)
	at oracle.jdbc.driver.T4CConnection.&lt;init&gt;(T4CConnection.java:165)
	at oracle.jdbc.driver.T4CDriverExtension.getConnection(T4CDriverExtension.java:35)
	at oracle.jdbc.driver.OracleDriver.connect(OracleDriver.java:801)
	at java.sql.DriverManager.getConnection(DriverManager.java:525)
	at java.sql.DriverManager.getConnection(DriverManager.java:171)
	at net.ion.framework.db.manager.OracleDBManager.getConnection(OracleDBManager.java:46)
	at net.ion.framework.db.procedure.AbstractQueryable.getConnection(AbstractQueryable.java:183)
	at net.ion.framework.db.procedure.AbstractQueryable.execQuery(AbstractQueryable.java:109)
	at net.ion.framework.db.manager.OracleDBManager.heartbeatQuery(OracleDBManager.java:79)
	at net.ion.framework.db.manager.DBManager.initPool(DBManager.java:74)
	at net.ion.framework.db.DBController.initSelf(DBController.java:204)
	at net.ion.framework.db.DBController.initSelf(DBController.java:197)
	at net.ion.framework.db.sample.TestBaseSample.setUp(TestBaseSample.java:26)
	at net.ion.framework.db.sample.extend.TestNamedParameter.setUp(TestNamedParameter.java:17)
</error>
  </testcase>
  <testcase classname="net.ion.framework.db.sample.extend.TestNamedParameter" name="testBatch" time="21.0">
    <error message="IO 예외 상황: The Network Adapter could not establish the connection" type="java.sql.SQLException">java.sql.SQLException: IO 예외 상황: The Network Adapter could not establish the connection
	at oracle.jdbc.driver.DatabaseError.throwSqlException(DatabaseError.java:112)
	at oracle.jdbc.driver.DatabaseError.throwSqlException(DatabaseError.java:146)
	at oracle.jdbc.driver.DatabaseError.throwSqlException(DatabaseError.java:255)
	at oracle.jdbc.driver.T4CConnection.logon(T4CConnection.java:387)
	at oracle.jdbc.driver.PhysicalConnection.&lt;init&gt;(PhysicalConnection.java:439)
	at oracle.jdbc.driver.T4CConnection.&lt;init&gt;(T4CConnection.java:165)
	at oracle.jdbc.driver.T4CDriverExtension.getConnection(T4CDriverExtension.java:35)
	at oracle.jdbc.driver.OracleDriver.connect(OracleDriver.java:801)
	at java.sql.DriverManager.getConnection(DriverManager.java:525)
	at java.sql.DriverManager.getConnection(DriverManager.java:171)
	at net.ion.framework.db.manager.OracleDBManager.getConnection(OracleDBManager.java:46)
	at net.ion.framework.db.procedure.AbstractQueryable.getConnection(AbstractQueryable.java:183)
	at net.ion.framework.db.procedure.AbstractQueryable.execQuery(AbstractQueryable.java:109)
	at net.ion.framework.db.manager.OracleDBManager.heartbeatQuery(OracleDBManager.java:79)
	at net.ion.framework.db.manager.DBManager.initPool(DBManager.java:74)
	at net.ion.framework.db.DBController.initSelf(DBController.java:204)
	at net.ion.framework.db.DBController.initSelf(DBController.java:197)
	at net.ion.framework.db.sample.TestBaseSample.setUp(TestBaseSample.java:26)
	at net.ion.framework.db.sample.extend.TestNamedParameter.setUp(TestNamedParameter.java:17)
</error>
  </testcase>
  <testcase classname="net.ion.framework.db.sample.extend.TestNamedParameter" name="testNamedBatch" time="21.004">
    <error message="IO 예외 상황: The Network Adapter could not establish the connection" type="java.sql.SQLException">java.sql.SQLException: IO 예외 상황: The Network Adapter could not establish the connection
	at oracle.jdbc.driver.DatabaseError.throwSqlException(DatabaseError.java:112)
	at oracle.jdbc.driver.DatabaseError.throwSqlException(DatabaseError.java:146)
	at oracle.jdbc.driver.DatabaseError.throwSqlException(DatabaseError.java:255)
	at oracle.jdbc.driver.T4CConnection.logon(T4CConnection.java:387)
	at oracle.jdbc.driver.PhysicalConnection.&lt;init&gt;(PhysicalConnection.java:439)
	at oracle.jdbc.driver.T4CConnection.&lt;init&gt;(T4CConnection.java:165)
	at oracle.jdbc.driver.T4CDriverExtension.getConnection(T4CDriverExtension.java:35)
	at oracle.jdbc.driver.OracleDriver.connect(OracleDriver.java:801)
	at java.sql.DriverManager.getConnection(DriverManager.java:525)
	at java.sql.DriverManager.getConnection(DriverManager.java:171)
	at net.ion.framework.db.manager.OracleDBManager.getConnection(OracleDBManager.java:46)
	at net.ion.framework.db.procedure.AbstractQueryable.getConnection(AbstractQueryable.java:183)
	at net.ion.framework.db.procedure.AbstractQueryable.execQuery(AbstractQueryable.java:109)
	at net.ion.framework.db.manager.OracleDBManager.heartbeatQuery(OracleDBManager.java:79)
	at net.ion.framework.db.manager.DBManager.initPool(DBManager.java:74)
	at net.ion.framework.db.DBController.initSelf(DBController.java:204)
	at net.ion.framework.db.DBController.initSelf(DBController.java:197)
	at net.ion.framework.db.sample.TestBaseSample.setUp(TestBaseSample.java:26)
	at net.ion.framework.db.sample.extend.TestNamedParameter.setUp(TestNamedParameter.java:17)
</error>
  </testcase>
  <testcase classname="net.ion.framework.db.sample.extend.QueryPage" name="testRowsPage" time="20.998">
    <error message="IO 예외 상황: The Network Adapter could not establish the connection" type="java.sql.SQLException">java.sql.SQLException: IO 예외 상황: The Network Adapter could not establish the connection
	at oracle.jdbc.driver.DatabaseError.throwSqlException(DatabaseError.java:112)
	at oracle.jdbc.driver.DatabaseError.throwSqlException(DatabaseError.java:146)
	at oracle.jdbc.driver.DatabaseError.throwSqlException(DatabaseError.java:255)
	at oracle.jdbc.driver.T4CConnection.logon(T4CConnection.java:387)
	at oracle.jdbc.driver.PhysicalConnection.&lt;init&gt;(PhysicalConnection.java:439)
	at oracle.jdbc.driver.T4CConnection.&lt;init&gt;(T4CConnection.java:165)
	at oracle.jdbc.driver.T4CDriverExtension.getConnection(T4CDriverExtension.java:35)
	at oracle.jdbc.driver.OracleDriver.connect(OracleDriver.java:801)
	at java.sql.DriverManager.getConnection(DriverManager.java:525)
	at java.sql.DriverManager.getConnection(DriverManager.java:171)
	at net.ion.framework.db.manager.OracleDBManager.getConnection(OracleDBManager.java:46)
	at net.ion.framework.db.procedure.AbstractQueryable.getConnection(AbstractQueryable.java:183)
	at net.ion.framework.db.procedure.AbstractQueryable.execQuery(AbstractQueryable.java:109)
	at net.ion.framework.db.manager.OracleDBManager.heartbeatQuery(OracleDBManager.java:79)
	at net.ion.framework.db.manager.DBManager.initPool(DBManager.java:74)
	at net.ion.framework.db.DBController.initSelf(DBController.java:204)
	at net.ion.framework.db.DBController.initSelf(DBController.java:197)
	at net.ion.framework.db.sample.TestBaseSample.setUp(TestBaseSample.java:26)
</error>
  </testcase>
  <testcase classname="net.ion.framework.db.sample.extend.QueryPage" name="testRowsPageMethod2" time="20.999">
    <error message="IO 예외 상황: The Network Adapter could not establish the connection" type="java.sql.SQLException">java.sql.SQLException: IO 예외 상황: The Network Adapter could not establish the connection
	at oracle.jdbc.driver.DatabaseError.throwSqlException(DatabaseError.java:112)
	at oracle.jdbc.driver.DatabaseError.throwSqlException(DatabaseError.java:146)
	at oracle.jdbc.driver.DatabaseError.throwSqlException(DatabaseError.java:255)
	at oracle.jdbc.driver.T4CConnection.logon(T4CConnection.java:387)
	at oracle.jdbc.driver.PhysicalConnection.&lt;init&gt;(PhysicalConnection.java:439)
	at oracle.jdbc.driver.T4CConnection.&lt;init&gt;(T4CConnection.java:165)
	at oracle.jdbc.driver.T4CDriverExtension.getConnection(T4CDriverExtension.java:35)
	at oracle.jdbc.driver.OracleDriver.connect(OracleDriver.java:801)
	at java.sql.DriverManager.getConnection(DriverManager.java:525)
	at java.sql.DriverManager.getConnection(DriverManager.java:171)
	at net.ion.framework.db.manager.OracleDBManager.getConnection(OracleDBManager.java:46)
	at net.ion.framework.db.procedure.AbstractQueryable.getConnection(AbstractQueryable.java:183)
	at net.ion.framework.db.procedure.AbstractQueryable.execQuery(AbstractQueryable.java:109)
	at net.ion.framework.db.manager.OracleDBManager.heartbeatQuery(OracleDBManager.java:79)
	at net.ion.framework.db.manager.DBManager.initPool(DBManager.java:74)
	at net.ion.framework.db.DBController.initSelf(DBController.java:204)
	at net.ion.framework.db.DBController.initSelf(DBController.java:197)
	at net.ion.framework.db.sample.TestBaseSample.setUp(TestBaseSample.java:26)
</error>
  </testcase>
  <testcase classname="net.ion.framework.db.sample.handler.UseHandler" name="testMapHandler" time="21.0">
[...]
	at java.sql.DriverManager.getConnection(DriverManager.java:171)
	at net.ion.framework.db.manager.OracleDBManager.getConnection(OracleDBManager.java:46)
	at net.ion.framework.db.procedure.AbstractQueryable.getConnection(AbstractQueryable.java:183)
	at net.ion.framework.db.procedure.AbstractQueryable.execQuery(AbstractQueryable.java:109)
	at net.ion.framework.db.manager.OracleDBManager.heartbeatQuery(OracleDBManager.java:79)
	at net.ion.framework.db.manager.DBManager.initPool(DBManager.java:74)
	at net.ion.framework.db.DBController.initSelf(DBController.java:204)
	at net.ion.framework.db.DBController.initSelf(DBController.java:197)
	at net.ion.framework.db.sample.TestBaseSample.setUp(TestBaseSample.java:26)
</error>
  </testcase>
  <testcase classname="net.ion.framework.db.sample.plan.ViewPlan" name="testViewPlan" time="21.007">
    <error message="IO 예외 상황: The Network Adapter could not establish the connection" type="java.sql.SQLException">java.sql.SQLException: IO 예외 상황: The Network Adapter could not establish the connection
	at oracle.jdbc.driver.DatabaseError.throwSqlException(DatabaseError.java:112)
	at oracle.jdbc.driver.DatabaseError.throwSqlException(DatabaseError.java:146)
	at oracle.jdbc.driver.DatabaseError.throwSqlException(DatabaseError.java:255)
	at oracle.jdbc.driver.T4CConnection.logon(T4CConnection.java:387)
	at oracle.jdbc.driver.PhysicalConnection.&lt;init&gt;(PhysicalConnection.java:439)
	at oracle.jdbc.driver.T4CConnection.&lt;init&gt;(T4CConnection.java:165)
	at oracle.jdbc.driver.T4CDriverExtension.getConnection(T4CDriverExtension.java:35)
	at oracle.jdbc.driver.OracleDriver.connect(OracleDriver.java:801)
	at java.sql.DriverManager.getConnection(DriverManager.java:525)
	at java.sql.DriverManager.getConnection(DriverManager.java:171)
	at net.ion.framework.db.manager.OracleDBManager.getConnection(OracleDBManager.java:46)
	at net.ion.framework.db.procedure.AbstractQueryable.getConnection(AbstractQueryable.java:183)
	at net.ion.framework.db.procedure.AbstractQueryable.execQuery(AbstractQueryable.java:109)
	at net.ion.framework.db.manager.OracleDBManager.heartbeatQuery(OracleDBManager.java:79)
	at net.ion.framework.db.manager.DBManager.initPool(DBManager.java:74)
	at net.ion.framework.db.DBController.initSelf(DBController.java:204)
	at net.ion.framework.db.DBController.initSelf(DBController.java:197)
	at net.ion.framework.db.sample.TestBaseSample.setUp(TestBaseSample.java:26)
</error>
  </testcase>
  <testcase classname="net.ion.framework.db.sample.rows.RowsFirstRow" name="testFirstRow" time="21.007">
    <error message="IO 예외 상황: The Network Adapter could not establish the connection" type="java.sql.SQLException">java.sql.SQLException: IO 예외 상황: The Network Adapter could not establish the connection
	at oracle.jdbc.driver.DatabaseError.throwSqlException(DatabaseError.java:112)
	at oracle.jdbc.driver.DatabaseError.throwSqlException(DatabaseError.java:146)
	at oracle.jdbc.driver.DatabaseError.throwSqlException(DatabaseError.java:255)
	at oracle.jdbc.driver.T4CConnection.logon(T4CConnection.java:387)
	at oracle.jdbc.driver.PhysicalConnection.&lt;init&gt;(PhysicalConnection.java:439)
	at oracle.jdbc.driver.T4CConnection.&lt;init&gt;(T4CConnection.java:165)
	at oracle.jdbc.driver.T4CDriverExtension.getConnection(T4CDriverExtension.java:35)
	at oracle.jdbc.driver.OracleDriver.connect(OracleDriver.java:801)
	at java.sql.DriverManager.getConnection(DriverManager.java:525)
	at java.sql.DriverManager.getConnection(DriverManager.java:171)
	at net.ion.framework.db.manager.OracleDBManager.getConnection(OracleDBManager.java:46)
	at net.ion.framework.db.procedure.AbstractQueryable.getConnection(AbstractQueryable.java:183)
	at net.ion.framework.db.procedure.AbstractQueryable.execQuery(AbstractQueryable.java:109)
	at net.ion.framework.db.manager.OracleDBManager.heartbeatQuery(OracleDBManager.java:79)
	at net.ion.framework.db.manager.DBManager.initPool(DBManager.java:74)
	at net.ion.framework.db.DBController.initSelf(DBController.java:204)
	at net.ion.framework.db.DBController.initSelf(DBController.java:197)
	at net.ion.framework.db.sample.TestBaseSample.setUp(TestBaseSample.java:26)
</error>
  </testcase>
  <testcase classname="net.ion.framework.db.sample.rows.RowsGet" name="testDate" time="20.999">
    <error message="IO 예외 상황: The Network Adapter could not establish the connection" type="java.sql.SQLException">java.sql.SQLException: IO 예외 상황: The Network Adapter could not establish the connection
	at oracle.jdbc.driver.DatabaseError.throwSqlException(DatabaseError.java:112)
	at oracle.jdbc.driver.DatabaseError.throwSqlException(DatabaseError.java:146)
	at oracle.jdbc.driver.DatabaseError.throwSqlException(DatabaseError.java:255)
	at oracle.jdbc.driver.T4CConnection.logon(T4CConnection.java:387)
	at oracle.jdbc.driver.PhysicalConnection.&lt;init&gt;(PhysicalConnection.java:439)
	at oracle.jdbc.driver.T4CConnection.&lt;init&gt;(T4CConnection.java:165)
	at oracle.jdbc.driver.T4CDriverExtension.getConnection(T4CDriverExtension.java:35)
	at oracle.jdbc.driver.OracleDriver.connect(OracleDriver.java:801)
	at java.sql.DriverManager.getConnection(DriverManager.java:525)
	at java.sql.DriverManager.getConnection(DriverManager.java:171)
	at net.ion.framework.db.manager.OracleDBManager.getConnection(OracleDBManager.java:46)
	at net.ion.framework.db.procedure.AbstractQueryable.getConnection(AbstractQueryable.java:183)
	at net.ion.framework.db.procedure.AbstractQueryable.execQuery(AbstractQueryable.java:109)
	at net.ion.framework.db.manager.OracleDBManager.heartbeatQuery(OracleDBManager.java:79)
	at net.ion.framework.db.manager.DBManager.initPool(DBManager.java:74)
	at net.ion.framework.db.DBController.initSelf(DBController.java:204)
	at net.ion.framework.db.DBController.initSelf(DBController.java:197)
	at net.ion.framework.db.sample.TestBaseSample.setUp(TestBaseSample.java:26)
</error>
  </testcase>
  <testcase classname="net.ion.framework.db.sample.rows.RowsGet" name="testSetClob" time="21.004">
    <error message="IO 예외 상황: The Network Adapter could not establish the connection" type="java.sql.SQLException">java.sql.SQLException: IO 예외 상황: The Network Adapter could not establish the connection
	at oracle.jdbc.driver.DatabaseError.throwSqlException(DatabaseError.java:112)
	at oracle.jdbc.driver.DatabaseError.throwSqlException(DatabaseError.java:146)
	at oracle.jdbc.driver.DatabaseError.throwSqlException(DatabaseError.java:255)
	at oracle.jdbc.driver.T4CConnection.logon(T4CConnection.java:387)
	at oracle.jdbc.driver.PhysicalConnection.&lt;init&gt;(PhysicalConnection.java:439)
	at oracle.jdbc.driver.T4CConnection.&lt;init&gt;(T4CConnection.java:165)
	at oracle.jdbc.driver.T4CDriverExtension.getConnection(T4CDriverExtension.java:35)
	at oracle.jdbc.driver.OracleDriver.connect(OracleDriver.java:801)
	at java.sql.DriverManager.getConnection(DriverManager.java:525)
	at java.sql.DriverManager.getConnection(DriverManager.java:171)
	at net.ion.framework.db.manager.OracleDBManager.getConnection(OracleDBManager.java:46)
	at net.ion.framework.db.procedure.AbstractQueryable.getConnection(AbstractQueryable.java:183)
	at net.ion.framework.db.procedure.AbstractQueryable.execQuery(AbstractQueryable.java:109)
	at net.ion.framework.db.manager.OracleDBManager.heartbeatQuery(OracleDBManager.java:79)
	at net.ion.framework.db.manager.DBManager.initPool(DBManager.java:74)
	at net.ion.framework.db.DBController.initSelf(DBController.java:204)
	at net.ion.framework.db.DBController.initSelf(DBController.java:197)
	at net.ion.framework.db.sample.TestBaseSample.setUp(TestBaseSample.java:26)
</error>
  </testcase>
  <testcase classname="net.ion.framework.db.sample.rows.RowsGet" name="testGetClob0" time="21.004">
    <error message="IO 예외 상황: The Network Adapter could not establish the connection" type="java.sql.SQLException">java.sql.SQLException: IO 예외 상황: The Network Adapter could not establish the connection
	at oracle.jdbc.driver.DatabaseError.throwSqlException(DatabaseError.java:112)
	at oracle.jdbc.driver.DatabaseError.throwSqlException(DatabaseError.java:146)
	at oracle.jdbc.driver.DatabaseError.throwSqlException(DatabaseError.java:255)
	at oracle.jdbc.driver.T4CConnection.logon(T4CConnection.java:387)
	at oracle.jdbc.driver.PhysicalConnection.&lt;init&gt;(PhysicalConnection.java:439)
	at oracle.jdbc.driver.T4CConnection.&lt;init&gt;(T4CConnection.java:165)
	at oracle.jdbc.driver.T4CDriverExtension.getConnection(T4CDriverExtension.java:35)
	at oracle.jdbc.driver.OracleDriver.connect(OracleDriver.java:801)
	at java.sql.DriverManager.getConnection(DriverManager.java:525)
	at java.sql.DriverManager.getConnection(DriverManager.java:171)
	at net.ion.framework.db.manager.OracleDBManager.getConnection(OracleDBManager.java:46)
	at net.ion.framework.db.procedure.AbstractQueryable.getConnection(AbstractQueryable.java:183)
	at net.ion.framework.db.procedure.AbstractQueryable.execQuery(AbstractQueryable.java:109)
	at net.ion.framework.db.manager.OracleDBManager.heartbeatQuery(OracleDBManager.java:79)
	at net.ion.framework.db.manager.DBManager.initPool(DBManager.java:74)
	at net.ion.framework.db.DBController.initSelf(DBController.java:204)
	at net.ion.framework.db.DBController.initSelf(DBController.java:197)
	at net.ion.framework.db.sample.TestBaseSample.setUp(TestBaseSample.java:26)
</error>
  </testcase>
  <testcase classname="net.ion.framework.db.sample.rows.RowsGet" name="testGetClob" time="21.009">
    <error message="IO 예외 상황: The Network Adapter could not establish the connection" type="java.sql.SQLException">java.sql.SQLException: IO 예외 상황: The Network Adapter could not establish the connection
	at oracle.jdbc.driver.DatabaseError.throwSqlException(DatabaseError.java:112)
	at oracle.jdbc.driver.DatabaseError.throwSqlException(DatabaseError.java:146)
	at oracle.jdbc.driver.DatabaseError.throwSqlException(DatabaseError.java:255)
	at oracle.jdbc.driver.T4CConnection.logon(T4CConnection.java:387)
	at oracle.jdbc.driver.PhysicalConnection.&lt;init&gt;(PhysicalConnection.java:439)
	at oracle.jdbc.driver.T4CConnection.&lt;init&gt;(T4CConnection.java:165)
	at oracle.jdbc.driver.T4CDriverExtension.getConnection(T4CDriverExtension.java:35)
	at oracle.jdbc.driver.OracleDriver.connect(OracleDriver.java:801)
	at java.sql.DriverManager.getConnection(DriverManager.java:525)
	at java.sql.DriverManager.getConnection(DriverManager.java:171)
	at net.ion.framework.db.manager.OracleDBManager.getConnection(OracleDBManager.java:46)
	at net.ion.framework.db.procedure.AbstractQueryable.getConnection(AbstractQueryable.java:183)
	at net.ion.framework.db.procedure.AbstractQueryable.execQuery(AbstractQueryable.java:109)
	at net.ion.framework.db.manager.OracleDBManager.heartbeatQuery(OracleDBManager.java:79)
	at net.ion.framework.db.manager.DBManager.initPool(DBManager.java:74)
	at net.ion.framework.db.DBController.initSelf(DBController.java:204)
	at net.ion.framework.db.DBController.initSelf(DBController.java:197)
	at net.ion.framework.db.sample.TestBaseSample.setUp(TestBaseSample.java:26)
</error>
  </testcase>
  <testcase classname="net.ion.framework.db.sample.rows.RowsPage" name="testDefaultLimit" time="21.005">
    <error message="IO 예외 상황: The Network Adapter could not establish the connection" type="java.sql.SQLException">java.sql.SQLException: IO 예외 상황: The Network Adapter could not establish the connection
	at oracle.jdbc.driver.DatabaseError.throwSqlException(DatabaseError.java:112)
	at oracle.jdbc.driver.DatabaseError.throwSqlException(DatabaseError.java:146)
	at oracle.jdbc.driver.DatabaseError.throwSqlException(DatabaseError.java:255)
	at oracle.jdbc.driver.T4CConnection.logon(T4CConnection.java:387)
	at oracle.jdbc.driver.PhysicalConnection.&lt;init&gt;(PhysicalConnection.java:439)
	at oracle.jdbc.driver.T4CConnection.&lt;init&gt;(T4CConnection.java:165)
	at oracle.jdbc.driver.T4CDriverExtension.getConnection(T4CDriverExtension.java:35)
	at oracle.jdbc.driver.OracleDriver.connect(OracleDriver.java:801)
	at java.sql.DriverManager.getConnection(DriverManager.java:525)
	at java.sql.DriverManager.getConnection(DriverManager.java:171)
	at net.ion.framework.db.manager.OracleDBManager.getConnection(OracleDBManager.java:46)
	at net.ion.framework.db.procedure.AbstractQueryable.getConnection(AbstractQueryable.java:183)
	at net.ion.framework.db.procedure.AbstractQueryable.execQuery(AbstractQueryable.java:109)
	at net.ion.framework.db.manager.OracleDBManager.heartbeatQuery(OracleDBManager.java:79)
	at net.ion.framework.db.manager.DBManager.initPool(DBManager.java:74)
	at net.ion.framework.db.DBController.initSelf(DBController.java:204)
	at net.ion.framework.db.DBController.initSelf(DBController.java:197)
	at net.ion.framework.db.sample.TestBaseSample.setUp(TestBaseSample.java:26)
</error>
  </testcase>
  <testcase classname="net.ion.framework.db.sample.rows.RowsPage" name="testNextPage" time="20.998">
    <error message="IO 예외 상황: The Network Adapter could not establish the connection" type="java.sql.SQLException">java.sql.SQLException: IO 예외 상황: The Network Adapter could not establish the connection
	at oracle.jdbc.driver.DatabaseError.throwSqlException(DatabaseError.java:112)
	at oracle.jdbc.driver.DatabaseError.throwSqlException(DatabaseError.java:146)
	at oracle.jdbc.driver.DatabaseError.throwSqlException(DatabaseError.java:255)
	at oracle.jdbc.driver.T4CConnection.logon(T4CConnection.java:387)
	at oracle.jdbc.driver.PhysicalConnection.&lt;init&gt;(PhysicalConnection.java:439)
	at oracle.jdbc.driver.T4CConnection.&lt;init&gt;(T4CConnection.java:165)
	at oracle.jdbc.driver.T4CDriverExtension.getConnection(T4CDriverExtension.java:35)
	at oracle.jdbc.driver.OracleDriver.connect(OracleDriver.java:801)
	at java.sql.DriverManager.getConnection(DriverManager.java:525)
	at java.sql.DriverManager.getConnection(DriverManager.java:171)
	at net.ion.framework.db.manager.OracleDBManager.getConnection(OracleDBManager.java:46)
	at net.ion.framework.db.procedure.AbstractQueryable.getConnection(AbstractQueryable.java:183)
	at net.ion.framework.db.procedure.AbstractQueryable.execQuery(AbstractQueryable.java:109)
	at net.ion.framework.db.manager.OracleDBManager.heartbeatQuery(OracleDBManager.java:79)
	at net.ion.framework.db.manager.DBManager.initPool(DBManager.java:74)
	at net.ion.framework.db.DBController.initSelf(DBController.java:204)
	at net.ion.framework.db.DBController.initSelf(DBController.java:197)
	at net.ion.framework.db.sample.TestBaseSample.setUp(TestBaseSample.java:26)
</error>
  </testcase>
  <testcase classname="net.ion.framework.db.sample.rows.RowsPage" name="testPrePage" time="21.0">
    <error message="IO 예외 상황: The Network Adapter could not establish the connection" type="java.sql.SQLException">java.sql.SQLException: IO 예외 상황: The Network Adapter could not establish the connection
	at oracle.jdbc.driver.DatabaseError.throwSqlException(DatabaseError.java:112)
	at oracle.jdbc.driver.DatabaseError.throwSqlException(DatabaseError.java:146)
	at oracle.jdbc.driver.DatabaseError.throwSqlException(DatabaseError.java:255)
	at oracle.jdbc.driver.T4CConnection.logon(T4CConnection.java:387)
	at oracle.jdbc.driver.PhysicalConnection.&lt;init&gt;(PhysicalConnection.java:439)
	at oracle.jdbc.driver.T4CConnection.&lt;init&gt;(T4CConnection.java:165)
	at oracle.jdbc.driver.T4CDriverExtension.getConnection(T4CDriverExtension.java:35)
	at oracle.jdbc.driver.OracleDriver.connect(OracleDriver.java:801)
	at java.sql.DriverManager.getConnection(DriverManager.java:525)
	at java.sql.DriverManager.getConnection(DriverManager.java:171)
	at net.ion.framework.db.manager.OracleDBManager.getConnection(OracleDBManager.java:46)
	at net.ion.framework.db.procedure.AbstractQueryable.getConnection(AbstractQueryable.java:183)
	at net.ion.framework.db.procedure.AbstractQueryable.execQuery(AbstractQueryable.java:109)
	at net.ion.framework.db.manager.OracleDBManager.heartbeatQuery(OracleDBManager.java:79)
	at net.ion.framework.db.manager.DBManager.initPool(DBManager.java:74)
	at net.ion.framework.db.DBController.initSelf(DBController.java:204)
	at net.ion.framework.db.DBController.initSelf(DBController.java:197)
	at net.ion.framework.db.sample.TestBaseSample.setUp(TestBaseSample.java:26)
</error>
  </testcase>
  <testcase classname="net.ion.framework.db.sample.dc.RowsToXML" name="testToXML" time="20.996">
    <error message="IO 예외 상황: The Network Adapter could not establish the connection" type="java.sql.SQLException">java.sql.SQLException: IO 예외 상황: The Network Adapter could not establish the connection
	at oracle.jdbc.driver.DatabaseError.throwSqlException(DatabaseError.java:112)
	at oracle.jdbc.driver.DatabaseError.throwSqlException(DatabaseError.java:146)
	at oracle.jdbc.driver.DatabaseError.throwSqlException(DatabaseError.java:255)
	at oracle.jdbc.driver.T4CConnection.logon(T4CConnection.java:387)
	at oracle.jdbc.driver.PhysicalConnection.&lt;init&gt;(PhysicalConnection.java:439)
	at oracle.jdbc.driver.T4CConnection.&lt;init&gt;(T4CConnection.java:165)
	at oracle.jdbc.driver.T4CDriverExtension.getConnection(T4CDriverExtension.java:35)
	at oracle.jdbc.driver.OracleDriver.connect(OracleDriver.java:801)
	at java.sql.DriverManager.getConnection(DriverManager.java:525)
	at java.sql.DriverManager.getConnection(DriverManager.java:171)
	at net.ion.framework.db.manager.OracleDBManager.getConnection(OracleDBManager.java:46)
	at net.ion.framework.db.procedure.AbstractQueryable.getConnection(AbstractQueryable.java:183)
	at net.ion.framework.db.procedure.AbstractQueryable.execQuery(AbstractQueryable.java:109)
	at net.ion.framework.db.manager.OracleDBManager.heartbeatQuery(OracleDBManager.java:79)
	at net.ion.framework.db.manager.DBManager.initPool(DBManager.java:74)
	at net.ion.framework.db.DBController.initSelf(DBController.java:204)
	at net.ion.framework.db.DBController.initSelf(DBController.java:197)
	at net.ion.framework.db.sample.TestBaseSample.setUp(TestBaseSample.java:26)
	at net.ion.framework.db.sample.dc.RowsToXML.setUp(RowsToXML.java:25)
</error>
  </testcase>
  <testcase classname="net.ion.framework.db.sample.dc.RowsToXML" name="testDual" time="21.001">
    <error message="IO 예외 상황: The Network Adapter could not establish the connection" type="java.sql.SQLException">java.sql.SQLException: IO 예외 상황: The Network Adapter could not establish the connection
	at oracle.jdbc.driver.DatabaseError.throwSqlException(DatabaseError.java:112)
	at oracle.jdbc.driver.DatabaseError.throwSqlException(DatabaseError.java:146)
	at oracle.jdbc.driver.DatabaseError.throwSqlException(DatabaseError.java:255)
	at oracle.jdbc.driver.T4CConnection.logon(T4CConnection.java:387)
	at oracle.jdbc.driver.PhysicalConnection.&lt;init&gt;(PhysicalConnection.java:439)
	at oracle.jdbc.driver.T4CConnection.&lt;init&gt;(T4CConnection.java:165)
	at oracle.jdbc.driver.T4CDriverExtension.getConnection(T4CDriverExtension.java:35)
	at oracle.jdbc.driver.OracleDriver.connect(OracleDriver.java:801)
	at java.sql.DriverManager.getConnection(DriverManager.java:525)
	at java.sql.DriverManager.getConnection(DriverManager.java:171)
	at net.ion.framework.db.manager.OracleDBManager.getConnection(OracleDBManager.java:46)
	at net.ion.framework.db.procedure.AbstractQueryable.getConnection(AbstractQueryable.java:183)
	at net.ion.framework.db.procedure.AbstractQueryable.execQuery(AbstractQueryable.java:109)
	at net.ion.framework.db.manager.OracleDBManager.heartbeatQuery(OracleDBManager.java:79)
	at net.ion.framework.db.manager.DBManager.initPool(DBManager.java:74)
	at net.ion.framework.db.DBController.initSelf(DBController.java:204)
	at net.ion.framework.db.DBController.initSelf(DBController.java:197)
	at net.ion.framework.db.sample.TestBaseSample.setUp(TestBaseSample.java:26)
	at net.ion.framework.db.sample.dc.RowsToXML.setUp(RowsToXML.java:25)
</error>
  </testcase>
  <system-out><![CDATA[{"newField":"new","field":"old"}
{"newerField":"newer","newField":"new","field":"old"}
{"s":null,"i":5}
null
]]></system-out>
  <system-err><![CDATA[]]></system-err>
</testsuite>
